<?xml version="1.0" encoding="UTF-8" ?>
<testsuites errors="5"
            failures="5"
            tests="7">

  <testsuite name="filters.huerotate.dropdown"
    errors="5" failures="5" hostname="" id="" package="filters.huerotate.dropdown" skipped="0"
    tests="7" time="50.53" timestamp="Thu, 20 Oct 2016 17:19:52 GMT">
  
    <testcase name="Step 1: page load" time="16.01" assertions="6">

    

    

    

    

    

    
    </testcase>
  
    <testcase name="Step 2: open filters panel and select Hue Rotate" time="2.785" assertions="3">

    

    

    
    </testcase>
  
    <testcase name="Step 3: select Hue Rotate 50deg via drop-down-menu" time="5.089" assertions="4">

    

      <failure message="Testing if value of &lt;[title=&quot;Hue Rotate&quot;] input[type=text]&gt; contains: &quot;50deg&quot;.">    at Object.module.exports.Step 3: select Hue Rotate 50deg via drop-down-menu (/Users/kelli/Sites/nightwatch/test/filterspanel/filters.huerotate.dropdown.js:36:17)
    at _combinedTickCallback (internal/process/next_tick.js:67:7)
    at process._tickCallback (internal/process/next_tick.js:98:9)</failure>

      <failure message="Testing if element &lt;.focused.component-wrapper.bc-text-wrapper&gt; has css property -webkit-filter. Element or attribute could not be located.">    at Object.module.exports.Step 3: select Hue Rotate 50deg via drop-down-menu (/Users/kelli/Sites/nightwatch/test/filterspanel/filters.huerotate.dropdown.js:40:18)
    at _combinedTickCallback (internal/process/next_tick.js:67:7)
    at process._tickCallback (internal/process/next_tick.js:98:9)</failure>

    
    </testcase>
  
    <testcase name="Step 4: select Hue Rotate 180deg via drop-down-menu" time="6.542" assertions="5">

      <failure message="Testing if value of &lt;[title=&quot;Hue Rotate&quot;] input[type=text]&gt; contains: &quot;180deg&quot;.">    at Object.module.exports.Step 4: select Hue Rotate 180deg via drop-down-menu (/Users/kelli/Sites/nightwatch/test/filterspanel/filters.huerotate.dropdown.js:49:18)
    at _combinedTickCallback (internal/process/next_tick.js:67:7)
    at process._tickCallback (internal/process/next_tick.js:98:9)</failure>

      <failure message="Testing if element &lt;.focused.component-wrapper.bc-text-wrapper&gt; has css property -webkit-filter. Element or attribute could not be located.">    at Object.module.exports.Step 4: select Hue Rotate 180deg via drop-down-menu (/Users/kelli/Sites/nightwatch/test/filterspanel/filters.huerotate.dropdown.js:52:21)
    at _combinedTickCallback (internal/process/next_tick.js:67:7)
    at process._tickCallback (internal/process/next_tick.js:98:9)</failure>

    

    

    
    </testcase>
  
    <testcase name="Step 5: select Hue Rotate 90deg via drop-down-menu" time="6.524" assertions="7">

    

    

      <failure message="Testing if value of &lt;[title=&quot;Hue Rotate&quot;] input[type=text]&gt; contains: &quot;90deg&quot;.">    at Object.module.exports.Step 5: select Hue Rotate 90deg via drop-down-menu (/Users/kelli/Sites/nightwatch/test/filterspanel/filters.huerotate.dropdown.js:67:18)
    at _combinedTickCallback (internal/process/next_tick.js:67:7)
    at process._tickCallback (internal/process/next_tick.js:98:9)</failure>

      <failure message="Testing if element &lt;.focused.component-wrapper.bc-text-wrapper&gt; has css property -webkit-filter. Element or attribute could not be located.">    at Object.module.exports.Step 5: select Hue Rotate 90deg via drop-down-menu (/Users/kelli/Sites/nightwatch/test/filterspanel/filters.huerotate.dropdown.js:70:19)
    at _combinedTickCallback (internal/process/next_tick.js:67:7)
    at process._tickCallback (internal/process/next_tick.js:98:9)</failure>

    

    

    
    </testcase>
  
    <testcase name="Step 6: select Hue Rotate 0deg via drop-down-menu" time="7.066" assertions="7">

    

    

      <failure message="Testing if value of &lt;[title=&quot;Hue Rotate&quot;] input[type=text]&gt; contains: &quot;0deg&quot;.">    at Object.module.exports.Step 6: select Hue Rotate 0deg via drop-down-menu (/Users/kelli/Sites/nightwatch/test/filterspanel/filters.huerotate.dropdown.js:85:18)
    at _combinedTickCallback (internal/process/next_tick.js:67:7)
    at process._tickCallback (internal/process/next_tick.js:98:9)</failure>

      <failure message="Testing if element &lt;.focused.component-wrapper.bc-text-wrapper&gt; has css property -webkit-filter. Element or attribute could not be located.">    at Object.module.exports.Step 6: select Hue Rotate 0deg via drop-down-menu (/Users/kelli/Sites/nightwatch/test/filterspanel/filters.huerotate.dropdown.js:88:21)
    at _combinedTickCallback (internal/process/next_tick.js:67:7)
    at process._tickCallback (internal/process/next_tick.js:98:9)</failure>

    

    

    
    </testcase>
  
    <testcase name="Step 6: clear filters and close panel" time="6.520" assertions="6">

    

    

      <failure message="Testing if element &lt;.focused.component-wrapper.bc-text-wrapper&gt; has css property -webkit-filter. Element or attribute could not be located.">    at Object.module.exports.Step 6: clear filters and close panel (/Users/kelli/Sites/nightwatch/test/filterspanel/filters.huerotate.dropdown.js:105:21)
    at _combinedTickCallback (internal/process/next_tick.js:67:7)
    at process._tickCallback (internal/process/next_tick.js:98:9)</failure>

    

    

    
    </testcase>
  
  
  </testsuite>
</testsuites>
