<?xml version="1.0" encoding="UTF-8" ?>
<testsuites errors="0"
            failures="1"
            tests="4">

  <testsuite name="filters.grayscaleslider"
    errors="0" failures="1" hostname="" id="" package="filters.grayscaleslider" skipped="0"
    tests="4" time="41.99" timestamp="Tue, 25 Oct 2016 21:21:41 GMT">
  
    <testcase name="Step 1: page load" time="24.98" assertions="6">

    

    

    

    

    

    
    </testcase>
  
    <testcase name="Step 2: open filters panel and select grayscale" time="5.606" assertions="5">

    

    

    

    

    
    </testcase>
  
    <testcase name="Step 3: select grayscale via slider" time="7.197" assertions="5">  <failure message="Testing if element &lt;.component-wrapper.bc-text-wrapper&gt; has css property &quot;-webkit-filter: grayscale(0.07)&quot;.">    at Object.module.exports.Step 3: select grayscale via slider (/Users/kelli/Sites/nightwatch/test/filterspanel/filters.grayscaleslider.js:40:19)
    at _combinedTickCallback (internal/process/next_tick.js:67:7)</failure>

      <failure message="Testing if element &lt;.component-wrapper.bc-text-wrapper&gt; has css property &quot;-webkit-filter: grayscale(0.2)&quot;.">    at Object.module.exports.Step 3: select grayscale via slider (/Users/kelli/Sites/nightwatch/test/filterspanel/filters.grayscaleslider.js:47:19)
    at _combinedTickCallback (internal/process/next_tick.js:67:7)</failure>

    

    

    

    
    </testcase>
  
    <testcase name="Step 4: clear filters and close panel" time="4.206" assertions="6">

    

    

    

    

    

    
    </testcase>
  
  
  </testsuite>
</testsuites>
