<?xml version="1.0" encoding="UTF-8" ?>
<testsuites errors="5"
            failures="4"
            tests="6">

  <testsuite name="filters.contrastinput"
    errors="5" failures="4" hostname="" id="" package="filters.contrastinput" skipped="0"
    tests="6" time="45.56" timestamp="Thu, 20 Oct 2016 17:17:55 GMT">
  
    <testcase name="Step 1: page load" time="18.02" assertions="6">

    

    

    

    

    

    
    </testcase>
  
    <testcase name="Step 2: open filters panel and select contrast" time="4.254" assertions="5">

    

    

    

    

    
    </testcase>
  
    <testcase name="Step 3: enter contrast via setvalue function" time="5.839" assertions="4">

      <failure message="Testing if value of &lt;.ui-wrapper[title=&quot;Contrast&quot;] input[type=text]&gt; contains: &quot;25&quot;.">    at Object.module.exports.Step 3: enter contrast via setvalue function (/Users/kelli/Sites/nightwatch/test/filterspanel/filters.contrastinput.js:42:17)
    at _combinedTickCallback (internal/process/next_tick.js:67:7)</failure>

      <failure message="Testing if element &lt;.focused.component-wrapper.bc-text-wrapper&gt; has css property -webkit-filter. Element or attribute could not be located.">    at Object.module.exports.Step 3: enter contrast via setvalue function (/Users/kelli/Sites/nightwatch/test/filterspanel/filters.contrastinput.js:45:18)
    at _combinedTickCallback (internal/process/next_tick.js:67:7)</failure>

    

    
    </testcase>
  
    <testcase name="Step 4: enter contrast via keystoke" time="4.720" assertions="4">

      <failure message="Testing if value of &lt;.ui-wrapper[title=&quot;Contrast&quot;] input[type=text]&gt; contains: &quot;25&quot;.">    at Object.module.exports.Step 4: enter contrast via keystoke (/Users/kelli/Sites/nightwatch/test/filterspanel/filters.contrastinput.js:58:17)
    at _combinedTickCallback (internal/process/next_tick.js:67:7)</failure>

      <failure message="Testing if element &lt;.focused.component-wrapper.bc-text-wrapper&gt; has css property -webkit-filter. Element or attribute could not be located.">    at Object.module.exports.Step 4: enter contrast via keystoke (/Users/kelli/Sites/nightwatch/test/filterspanel/filters.contrastinput.js:62:18)
    at _combinedTickCallback (internal/process/next_tick.js:67:7)</failure>

    

    
    </testcase>
  
    <testcase name="Step 5: enter incrementally inscrease/decrease contrast via up/down arrow" time="6.970" assertions="7">

      <failure message="Testing if value of &lt;.ui-wrapper[title=&quot;Contrast&quot;] input[type=text]&gt; contains: &quot;35&quot;.">    at Object.module.exports.Step 5: enter incrementally inscrease/decrease contrast via up/down arrow (/Users/kelli/Sites/nightwatch/test/filterspanel/filters.contrastinput.js:81:17)
    at _combinedTickCallback (internal/process/next_tick.js:67:7)</failure>

      <failure message="Testing if element &lt;.focused.component-wrapper.bc-text-wrapper&gt; has css property -webkit-filter. Element or attribute could not be located.">    at Object.module.exports.Step 5: enter incrementally inscrease/decrease contrast via up/down arrow (/Users/kelli/Sites/nightwatch/test/filterspanel/filters.contrastinput.js:86:18)
    at _combinedTickCallback (internal/process/next_tick.js:67:7)</failure>

      <failure message="Testing if value of &lt;.ui-wrapper[title=&quot;Contrast&quot;] input[type=text]&gt; contains: &quot;30&quot;.">    at Object.module.exports.Step 5: enter incrementally inscrease/decrease contrast via up/down arrow (/Users/kelli/Sites/nightwatch/test/filterspanel/filters.contrastinput.js:90:17)
    at _combinedTickCallback (internal/process/next_tick.js:67:7)</failure>

    

    

      <failure message="Testing if element &lt;.focused.component-wrapper.bc-text-wrapper&gt; has css property -webkit-filter. Element or attribute could not be located.">    at Object.module.exports.Step 5: enter incrementally inscrease/decrease contrast via up/down arrow (/Users/kelli/Sites/nightwatch/test/filterspanel/filters.contrastinput.js:98:18)
    at _combinedTickCallback (internal/process/next_tick.js:67:7)</failure>

    
    </testcase>
  
    <testcase name="Step 6: clear filters and close panel" time="5.757" assertions="6">

    

    

      <failure message="Testing if element &lt;.focused.component-wrapper.bc-text-wrapper&gt; has css property -webkit-filter. Element or attribute could not be located.">    at Object.module.exports.Step 6: clear filters and close panel (/Users/kelli/Sites/nightwatch/test/filterspanel/filters.contrastinput.js:112:21)
    at _combinedTickCallback (internal/process/next_tick.js:67:7)</failure>

    

    

    
    </testcase>
  
  
  </testsuite>
</testsuites>
