<?xml version="1.0" encoding="UTF-8" ?>
<testsuites errors="1"
            failures="1"
            tests="4">

  <testsuite name="filtersbrightnessslider"
    errors="1" failures="1" hostname="" id="" package="filtersbrightnessslider" skipped="3"
    tests="4" time="5.720" timestamp="Wed, 07 Sep 2016 20:05:06 GMT">
  
    <testcase name="Step 1: page load" time="5.720" assertions="4">

      <failure message="Testing if element &lt;[data-automation-id=&quot;open-website-button&quot;]&gt; is present.">    at Object.opensitemapCommands.opensitemap (/Users/kelli/Sites/nightwatch/pages/opensitemap.js:5:17)
    at Object.module.exports.Step 1: page load (/Users/kelli/Sites/nightwatch/test/filterspanel/filtersbrightnessslider.js:10:18)</failure>

      <failure message="Testing if element &lt;.ruler&gt; is present.">    at Object.opensitemapCommands.opensitemap (/Users/kelli/Sites/nightwatch/pages/opensitemap.js:9:17)
    at Object.module.exports.Step 1: page load (/Users/kelli/Sites/nightwatch/test/filterspanel/filtersbrightnessslider.js:10:18)</failure>

      <failure message="Timed out while waiting for element &lt;[data-automation-id=&quot;page-item-preview&quot;]&gt; to be present for 1000 milliseconds.">    at Object.opensiteCommands.opensite (/Users/kelli/Sites/nightwatch/pages/opensite.js:3:10)
    at Object.module.exports.Step 1: page load (/Users/kelli/Sites/nightwatch/test/filterspanel/filtersbrightnessslider.js:13:18)</failure>

    
    </testcase>
      <system-err>
        ERROR: Unable to locate element: &quot;[data-automation-id=&quot;open-website-button&quot;]&quot; using: css selector
    at Object.moveToElement (/Users/kelli/.nvm/versions/node/v0.12.7/lib/node_modules/nightwatch/lib/page-object/command-wrapper.js:103:25)
    at Object.opensitemapCommands.opensitemap (/Users/kelli/Sites/nightwatch/pages/opensitemap.js:6:6)
    at Object.module.exports.Step 1: page load (/Users/kelli/Sites/nightwatch/test/filterspanel/filtersbrightnessslider.js:10:18)
    at Module.call (/Users/kelli/.nvm/versions/node/v0.12.7/lib/node_modules/nightwatch/lib/runner/module.js:62:34)
    at /Users/kelli/.nvm/versions/node/v0.12.7/lib/node_modules/nightwatch/lib/runner/testcase.js:70:29
    at _fulfilled (/Users/kelli/.nvm/versions/node/v0.12.7/lib/node_modules/nightwatch/node_modules/q/q.js:834:54)
    at self.promiseDispatch.done (/Users/kelli/.nvm/versions/node/v0.12.7/lib/node_modules/nightwatch/node_modules/q/q.js:863:30)
    at Promise.promise.promiseDispatch (/Users/kelli/.nvm/versions/node/v0.12.7/lib/node_modules/nightwatch/node_modules/q/q.js:796:13)
    at /Users/kelli/.nvm/versions/node/v0.12.7/lib/node_modules/nightwatch/node_modules/q/q.js:556:49
    at runSingle (/Users/kelli/.nvm/versions/node/v0.12.7/lib/node_modules/nightwatch/node_modules/q/q.js:137:13)
      </system-err>
  
  
    
    <testcase
      name="Step 2: open filters panel and select brightness">
      <skipped />
    </testcase>
    
    <testcase
      name="Step 3: select brightness via slider">
      <skipped />
    </testcase>
    
    <testcase
      name="Step 4: verify brightness is applied">
      <skipped />
    </testcase>
    
  
  </testsuite>
</testsuites>
