<?xml version="1.0" encoding="UTF-8" ?>
<testsuites errors="0"
            failures="1"
            tests="5">

  <testsuite name="filters.invertinput"
    errors="0" failures="1" hostname="" id="" package="filters.invertinput" skipped="0"
    tests="5" time="12.72" timestamp="Mon, 03 Oct 2016 21:12:14 GMT">
  
    <testcase name="Step 1: page load" time="9.008" assertions="6">

    

    

    

    

    

    
    </testcase>
  
    <testcase name="Step 2: open filters panel and select invert" time="1.340" assertions="5">

    

    

    

    

    
    </testcase>
  
    <testcase name="Step 3: enter invert via setvalue function" time="0.7830" assertions="4">

    

    

    

    
    </testcase>
  
    <testcase name="Step 4: enter invert via keystoke" time="0.9460" assertions="4">

    

    

    

    
    </testcase>
  
    <testcase name="Step 5: enter incrementally inscrease/decrease invert via up/down arrow" time="0.6410" assertions="3">

      <failure message="Testing if value of &lt;.ui-wrapper[title=&quot;Invert&quot;] input[type=text]&gt; contains: &quot;27&quot;.">    at Object.module.exports.Step 5: enter incrementally inscrease/decrease invert via up/down arrow (/Users/kelli/Sites/nightwatch/test/filterspanel/filters.invertinput.js:79:17)</failure>

      <failure message="Testing if element &lt;.focused.component-wrapper.bc-text-wrapper&gt; has css property &quot;-webkit-filter: invert(0.27)&quot;.">    at Object.module.exports.Step 5: enter incrementally inscrease/decrease invert via up/down arrow (/Users/kelli/Sites/nightwatch/test/filterspanel/filters.invertinput.js:84:18)</failure>

    
    </testcase>
  
  
  </testsuite>
</testsuites>
