<?xml version="1.0" encoding="UTF-8" ?>
<testsuites errors="1"
            failures="1"
            tests="2">

  <testsuite name="newwebsitename"
    errors="1" failures="1" hostname="" id="" package="newwebsitename" skipped="0"
    tests="2" time="8.832" timestamp="Wed, 05 Oct 2016 16:54:14 GMT">
  
    <testcase name="step 1: load page" time="5.861" assertions="1">

    
    </testcase>
  
    <testcase name="step 2: select &quot;new website&quot; button" time="2.971" assertions="3">

      <failure message="Testing if element &lt;.text-input [name=&quot;websiteName&quot;]&gt; is present.">    at Object.newwebsitenameinputCommands.newwebsitenameinput (/Users/kelli/Sites/nightwatch/pages/newwebsitenameinput.js:3:17)
    at Object.module.exports.step 2: select &quot;new website&quot; button (/Users/kelli/Sites/nightwatch/test/newwebsite/newwebsitename.js:17:14)</failure>

      <failure message="Expected element &lt;.text-input [name=&quot;websiteName&quot;]&gt; to be selected - element was not found">    at Object.newwebsitenameinputCommands.newwebsitenameinput (/Users/kelli/Sites/nightwatch/pages/newwebsitenameinput.js:5:17)
    at Object.module.exports.step 2: select &quot;new website&quot; button (/Users/kelli/Sites/nightwatch/test/newwebsite/newwebsitename.js:17:14)</failure>

    
    </testcase>
  
  
  </testsuite>
</testsuites>
