<?xml version="1.0" encoding="UTF-8" ?>
<testsuites errors="0"
            failures="1"
            tests="5">

  <testsuite name="filters.grayscaleinput"
    errors="0" failures="1" hostname="" id="" package="filters.grayscaleinput" skipped="0"
    tests="5" time="14.00" timestamp="Mon, 03 Oct 2016 21:11:17 GMT">
  
    <testcase name="Step 1: page load" time="9.092" assertions="6">

    

    

    

    

    

    
    </testcase>
  
    <testcase name="Step 2: open filters panel and select grayscale" time="1.926" assertions="5">

    

    

    

    

    
    </testcase>
  
    <testcase name="Step 3: enter grayscale via setvalue function" time="0.6740" assertions="4">

    

    

    

    
    </testcase>
  
    <testcase name="Step 4: enter grayscale via keystoke" time="1.141" assertions="4">

    

    

    

    
    </testcase>
  
    <testcase name="Step 5: enter incrementally inscrease/decrease grayscale via up/down arrow" time="1.164" assertions="4">

      <failure message="Testing if value of &lt;.ui-wrapper[title=&quot;Grayscale&quot;] input[type=text]&gt; contains: &quot;27&quot;.">    at Object.module.exports.Step 5: enter incrementally inscrease/decrease grayscale via up/down arrow (/Users/kelli/Sites/nightwatch/test/filterspanel/filters.grayscaleinput.js:80:17)</failure>

      <failure message="Testing if value of &lt;.ui-wrapper[title=&quot;Grayscale&quot;] input[type=text]&gt; contains: &quot;26&quot;.">    at Object.module.exports.Step 5: enter incrementally inscrease/decrease grayscale via up/down arrow (/Users/kelli/Sites/nightwatch/test/filterspanel/filters.grayscaleinput.js:83:17)</failure>

      <failure message="Testing if element &lt;.focused.component-wrapper.bc-text-wrapper&gt; has css property &quot;-webkit-filter: grayscale(0.26)&quot;.">    at Object.module.exports.Step 5: enter incrementally inscrease/decrease grayscale via up/down arrow (/Users/kelli/Sites/nightwatch/test/filterspanel/filters.grayscaleinput.js:86:18)</failure>

    
    </testcase>
  
  
  </testsuite>
</testsuites>
