<?xml version="1.0" encoding="UTF-8" ?>
<testsuites errors="0"
            failures="3"
            tests="5">

  <testsuite name="filters.sepiainput"
    errors="0" failures="3" hostname="" id="" package="filters.sepiainput" skipped="0"
    tests="5" time="24.47" timestamp="Fri, 14 Oct 2016 16:47:11 GMT">
  
    <testcase name="Step 1: page load" time="16.31" assertions="6">

    

    

    

    

    

    
    </testcase>
  
    <testcase name="Step 2: open filters panel and select sepia" time="3.565" assertions="5">

    

    

    

    

    
    </testcase>
  
    <testcase name="Step 3: enter sepia via setvalue function" time="0.8250" assertions="4">

      <failure message="Testing if value of &lt;.ui-wrapper[title=&quot;Sepia&quot;] input[type=text]&gt; contains: &quot;25&quot;.">    at Object.module.exports.Step 3: enter sepia via setvalue function (/Users/kelli/Sites/nightwatch/test/filterspanel/filters.sepiainput.js:38:17)
    at _combinedTickCallback (internal/process/next_tick.js:67:7)
    at process._tickCallback (internal/process/next_tick.js:98:9)</failure>

      <failure message="Testing if element &lt;.focused.component-wrapper.bc-text-wrapper&gt; has css property &quot;-webkit-filter: sepia(0.25)&quot;.">    at Object.module.exports.Step 3: enter sepia via setvalue function (/Users/kelli/Sites/nightwatch/test/filterspanel/filters.sepiainput.js:41:18)
    at _combinedTickCallback (internal/process/next_tick.js:67:7)
    at process._tickCallback (internal/process/next_tick.js:98:9)</failure>

    

    
    </testcase>
  
    <testcase name="Step 4: enter sepia via keystoke" time="1.364" assertions="4">

    

      <failure message="Testing if element &lt;.component-wrapper.bc-text-wrapper.focused&gt; has css property &quot;-webkit-filter: sepia(0.25)&quot;.">    at Object.module.exports.Step 4: enter sepia via keystoke (/Users/kelli/Sites/nightwatch/test/filterspanel/filters.sepiainput.js:58:18)
    at _combinedTickCallback (internal/process/next_tick.js:67:7)
    at process._tickCallback (internal/process/next_tick.js:98:9)</failure>

    

    
    </testcase>
  
    <testcase name="Step 5: enter incrementally inscrease/decrease sepia via up/down arrow" time="2.410" assertions="8">

    

      <failure message="Testing if element &lt;.focused.component-wrapper.bc-text-wrapper&gt; has css property &quot;-webkit-filter: sepia(0.27)&quot;.">    at Object.module.exports.Step 5: enter incrementally inscrease/decrease sepia via up/down arrow (/Users/kelli/Sites/nightwatch/test/filterspanel/filters.sepiainput.js:82:18)
    at _combinedTickCallback (internal/process/next_tick.js:67:7)
    at process._tickCallback (internal/process/next_tick.js:98:9)</failure>

    

      <failure message="Testing if element &lt;.focused.component-wrapper.bc-text-wrapper&gt; has css property &quot;-webkit-filter: sepia(0.26)&quot;.">    at Object.module.exports.Step 5: enter incrementally inscrease/decrease sepia via up/down arrow (/Users/kelli/Sites/nightwatch/test/filterspanel/filters.sepiainput.js:91:18)
    at _combinedTickCallback (internal/process/next_tick.js:67:7)
    at process._tickCallback (internal/process/next_tick.js:98:9)</failure>

    

    

      <failure message="Testing if element &lt;.focused.component-wrapper.bc-text-wrapper&gt; has css property &quot;-webkit-filter: sepia(0.26)&quot;.">    at Object.module.exports.Step 5: enter incrementally inscrease/decrease sepia via up/down arrow (/Users/kelli/Sites/nightwatch/test/filterspanel/filters.sepiainput.js:98:18)
    at _combinedTickCallback (internal/process/next_tick.js:67:7)
    at process._tickCallback (internal/process/next_tick.js:98:9)</failure>

    
    </testcase>
  
  
  </testsuite>
</testsuites>
