<?xml version="1.0" encoding="UTF-8" ?>
<testsuites errors="0"
            failures="1"
            tests="4">

  <testsuite name="filters.contrastslider"
    errors="0" failures="1" hostname="" id="" package="filters.contrastslider" skipped="0"
    tests="4" time="25.09" timestamp="Fri, 14 Oct 2016 16:42:55 GMT">
  
    <testcase name="Step 1: page load" time="18.59" assertions="6">

    

    

    

    

    

    
    </testcase>
  
    <testcase name="Step 2: open filters panel and select contrast" time="3.906" assertions="5">

    

    

    

    

    
    </testcase>
  
    <testcase name="Step 3: select contrast via slider" time="1.955" assertions="3">  <failure message="Testing if element &lt;.focused.component-wrapper.bc-text-wrapper&gt; has css property &quot;-webkit-filter: contrast(0.1)&quot;.">    at Object.module.exports.Step 3: select contrast via slider (/Users/kelli/Sites/nightwatch/test/filterspanel/filters.contrastslider.js:38:18)
    at _combinedTickCallback (internal/process/next_tick.js:67:7)
    at process._tickCallback (internal/process/next_tick.js:98:9)</failure>

      <failure message="Testing if element &lt;.focused.component-wrapper.bc-text-wrapper&gt; has css property &quot;-webkit-filter: contrast(1)&quot;.">    at Object.module.exports.Step 3: select contrast via slider (/Users/kelli/Sites/nightwatch/test/filterspanel/filters.contrastslider.js:44:18)
    at _combinedTickCallback (internal/process/next_tick.js:67:7)
    at process._tickCallback (internal/process/next_tick.js:98:9)</failure>

      <failure message="Testing if element &lt;.focused.component-wrapper.bc-text-wrapper&gt; has css property &quot;-webkit-filter: contrast(4.15)&quot;.">    at Object.module.exports.Step 3: select contrast via slider (/Users/kelli/Sites/nightwatch/test/filterspanel/filters.contrastslider.js:51:18)
    at _combinedTickCallback (internal/process/next_tick.js:67:7)
    at process._tickCallback (internal/process/next_tick.js:98:9)</failure>

    
    </testcase>
  
    <testcase name="Step 4: close panel" time="0.6340" assertions="2">

    

    
    </testcase>
  
  
  </testsuite>
</testsuites>
