<?xml version="1.0" encoding="UTF-8" ?>
<testsuites errors="3"
            failures="1"
            tests="2">

  <testsuite name="colorpanel"
    errors="3" failures="1" hostname="" id="" package="colorpanel" skipped="0"
    tests="2" time="2.323" timestamp="Mon, 29 Aug 2016 21:49:33 GMT">
  
    <testcase name="step 1: load page" time="1.101" assertions="0">
    </testcase>
      <system-err>
          Error while running [Closetab / step 2: close tab]:

  TypeError: undefined is not a function
    at Object.opensitemapCommands.opensitemap (/Users/kelli/Sites/nightwatch/pages/opensitemap.js:8:10)
    at Object.module.exports.step 2: close tab (/Users/kelli/Sites/nightwatch/test/smoketests/closetab.js:11:12)
    at Module.call (/Users/kelli/.nvm/versions/node/v0.12.7/lib/node_modules/nightwatch/lib/runner/module.js:62:34)
    at /Users/kelli/.nvm/versions/node/v0.12.7/lib/node_modules/nightwatch/lib/runner/testcase.js:70:29
    at _fulfilled (/Users/kelli/.nvm/versions/node/v0.12.7/lib/node_modules/nightwatch/node_modules/q/q.js:834:54)
    at self.promiseDispatch.done (/Users/kelli/.nvm/versions/node/v0.12.7/lib/node_modules/nightwatch/node_modules/q/q.js:863:30)
    at Promise.promise.promiseDispatch (/Users/kelli/.nvm/versions/node/v0.12.7/lib/node_modules/nightwatch/node_modules/q/q.js:796:13)
    at /Users/kelli/.nvm/versions/node/v0.12.7/lib/node_modules/nightwatch/node_modules/q/q.js:556:49
    at runSingle (/Users/kelli/.nvm/versions/node/v0.12.7/lib/node_modules/nightwatch/node_modules/q/q.js:137:13)
    at flush (/Users/kelli/.nvm/versions/node/v0.12.7/lib/node_modules/nightwatch/node_modules/q/q.js:125:13)
ERROR: Unable to locate element: &quot;div.ui-wrapper[title=&quot;Color&quot;]&quot; using: css selector
    at Object.click (/Users/kelli/.nvm/versions/node/v0.12.7/lib/node_modules/nightwatch/lib/page-object/command-wrapper.js:103:25)
    at Object.opencolorpanelCommands.opencolorpanel (/Users/kelli/Sites/nightwatch/pages/opencolorpanel.js:4:8)
    at Object.module.exports.step 2: open and close color panel (/Users/kelli/Sites/nightwatch/test/smoketests/colorpanel.js:13:14)
    at Module.call (/Users/kelli/.nvm/versions/node/v0.12.7/lib/node_modules/nightwatch/lib/runner/module.js:62:34)
    at /Users/kelli/.nvm/versions/node/v0.12.7/lib/node_modules/nightwatch/lib/runner/testcase.js:70:29
    at _fulfilled (/Users/kelli/.nvm/versions/node/v0.12.7/lib/node_modules/nightwatch/node_modules/q/q.js:834:54)
    at self.promiseDispatch.done (/Users/kelli/.nvm/versions/node/v0.12.7/lib/node_modules/nightwatch/node_modules/q/q.js:863:30)
    at Promise.promise.promiseDispatch (/Users/kelli/.nvm/versions/node/v0.12.7/lib/node_modules/nightwatch/node_modules/q/q.js:796:13)
    at /Users/kelli/.nvm/versions/node/v0.12.7/lib/node_modules/nightwatch/node_modules/q/q.js:556:49
    at runSingle (/Users/kelli/.nvm/versions/node/v0.12.7/lib/node_modules/nightwatch/node_modules/q/q.js:137:13)
ERROR: Unable to locate element: &quot;.overlay-label.drag-handle&quot; using: css selector
    at command (/Users/kelli/.nvm/versions/node/v0.12.7/lib/node_modules/nightwatch/lib/api/assertions/containsText.js:46:21)
    at module.exports.BaseAssertion._scheduleAssertion (/Users/kelli/.nvm/versions/node/v0.12.7/lib/node_modules/nightwatch/lib/core/assertion.js:87:17)
    at module.exports.BaseAssertion._executeCommand (/Users/kelli/.nvm/versions/node/v0.12.7/lib/node_modules/nightwatch/lib/core/assertion.js:82:17)
    at AssertionInstance.commandFn [as _commandFn] (/Users/kelli/.nvm/versions/node/v0.12.7/lib/node_modules/nightwatch/lib/core/assertion.js:180:21)
    at AsyncTree.runCommand (/Users/kelli/.nvm/versions/node/v0.12.7/lib/node_modules/nightwatch/lib/core/queue.js:154:30)
    at AsyncTree.runChildNode (/Users/kelli/.nvm/versions/node/v0.12.7/lib/node_modules/nightwatch/lib/core/queue.js:114:8)
    at AsyncTree.walkDown (/Users/kelli/.nvm/versions/node/v0.12.7/lib/node_modules/nightwatch/lib/core/queue.js:80:10)
    at AsyncTree.walkUp (/Users/kelli/.nvm/versions/node/v0.12.7/lib/node_modules/nightwatch/lib/core/queue.js:97:8)
    at AsyncTree.walkDown (/Users/kelli/.nvm/versions/node/v0.12.7/lib/node_modules/nightwatch/lib/core/queue.js:90:12)
    at AsyncTree.traverse (/Users/kelli/.nvm/versions/node/v0.12.7/lib/node_modules/nightwatch/lib/core/queue.js:73:8)
ERROR: Unable to locate element: &quot;div.panel-close-container&quot; using: css selector
    at Object.closepanelCommands.closepanel (/Users/kelli/Sites/nightwatch/pages/closepanel.js:4:16)
    at Object.module.exports.step 2: open and close color panel (/Users/kelli/Sites/nightwatch/test/smoketests/colorpanel.js:16:14)
    at Module.call (/Users/kelli/.nvm/versions/node/v0.12.7/lib/node_modules/nightwatch/lib/runner/module.js:62:34)
    at /Users/kelli/.nvm/versions/node/v0.12.7/lib/node_modules/nightwatch/lib/runner/testcase.js:70:29
    at _fulfilled (/Users/kelli/.nvm/versions/node/v0.12.7/lib/node_modules/nightwatch/node_modules/q/q.js:834:54)
    at self.promiseDispatch.done (/Users/kelli/.nvm/versions/node/v0.12.7/lib/node_modules/nightwatch/node_modules/q/q.js:863:30)
    at Promise.promise.promiseDispatch (/Users/kelli/.nvm/versions/node/v0.12.7/lib/node_modules/nightwatch/node_modules/q/q.js:796:13)
    at /Users/kelli/.nvm/versions/node/v0.12.7/lib/node_modules/nightwatch/node_modules/q/q.js:556:49
    at runSingle (/Users/kelli/.nvm/versions/node/v0.12.7/lib/node_modules/nightwatch/node_modules/q/q.js:137:13)
    at flush (/Users/kelli/.nvm/versions/node/v0.12.7/lib/node_modules/nightwatch/node_modules/q/q.js:125:13)
  Error while running [Entertexthexcode / step 1: load page]:

  TypeError: undefined is not a function
    at Object.opensitemapCommands.opensitemap (/Users/kelli/Sites/nightwatch/pages/opensitemap.js:8:10)
    at Object.module.exports.step 1: load page (/Users/kelli/Sites/nightwatch/test/smoketests/entertexthexcode.js:10:16)
    at Module.call (/Users/kelli/.nvm/versions/node/v0.12.7/lib/node_modules/nightwatch/lib/runner/module.js:62:34)
    at /Users/kelli/.nvm/versions/node/v0.12.7/lib/node_modules/nightwatch/lib/runner/testcase.js:70:29
    at _fulfilled (/Users/kelli/.nvm/versions/node/v0.12.7/lib/node_modules/nightwatch/node_modules/q/q.js:834:54)
    at self.promiseDispatch.done (/Users/kelli/.nvm/versions/node/v0.12.7/lib/node_modules/nightwatch/node_modules/q/q.js:863:30)
    at Promise.promise.promiseDispatch (/Users/kelli/.nvm/versions/node/v0.12.7/lib/node_modules/nightwatch/node_modules/q/q.js:796:13)
    at /Users/kelli/.nvm/versions/node/v0.12.7/lib/node_modules/nightwatch/node_modules/q/q.js:556:49
    at runSingle (/Users/kelli/.nvm/versions/node/v0.12.7/lib/node_modules/nightwatch/node_modules/q/q.js:137:13)
    at flush (/Users/kelli/.nvm/versions/node/v0.12.7/lib/node_modules/nightwatch/node_modules/q/q.js:125:13)
  Error while running [Gridlayout / Step 1: page load]:

  TypeError: undefined is not a function
    at Object.opensitemapCommands.opensitemap (/Users/kelli/Sites/nightwatch/pages/opensitemap.js:8:10)
    at Object.module.exports.Step 1: page load (/Users/kelli/Sites/nightwatch/test/smoketests/gridlayout.js:10:14)
    at Module.call (/Users/kelli/.nvm/versions/node/v0.12.7/lib/node_modules/nightwatch/lib/runner/module.js:62:34)
    at /Users/kelli/.nvm/versions/node/v0.12.7/lib/node_modules/nightwatch/lib/runner/testcase.js:70:29
    at _fulfilled (/Users/kelli/.nvm/versions/node/v0.12.7/lib/node_modules/nightwatch/node_modules/q/q.js:834:54)
    at self.promiseDispatch.done (/Users/kelli/.nvm/versions/node/v0.12.7/lib/node_modules/nightwatch/node_modules/q/q.js:863:30)
    at Promise.promise.promiseDispatch (/Users/kelli/.nvm/versions/node/v0.12.7/lib/node_modules/nightwatch/node_modules/q/q.js:796:13)
    at /Users/kelli/.nvm/versions/node/v0.12.7/lib/node_modules/nightwatch/node_modules/q/q.js:556:49
    at runSingle (/Users/kelli/.nvm/versions/node/v0.12.7/lib/node_modules/nightwatch/node_modules/q/q.js:137:13)
    at flush (/Users/kelli/.nvm/versions/node/v0.12.7/lib/node_modules/nightwatch/node_modules/q/q.js:125:13)
  Error while running [Gutterwidthslider / Step 1: page load]:

  TypeError: undefined is not a function
    at Object.opensitemapCommands.opensitemap (/Users/kelli/Sites/nightwatch/pages/opensitemap.js:8:10)
    at Object.module.exports.Step 1: page load (/Users/kelli/Sites/nightwatch/test/smoketests/gutterwidthslider.js:10:16)
    at Module.call (/Users/kelli/.nvm/versions/node/v0.12.7/lib/node_modules/nightwatch/lib/runner/module.js:62:34)
    at /Users/kelli/.nvm/versions/node/v0.12.7/lib/node_modules/nightwatch/lib/runner/testcase.js:70:29
    at _fulfilled (/Users/kelli/.nvm/versions/node/v0.12.7/lib/node_modules/nightwatch/node_modules/q/q.js:834:54)
    at self.promiseDispatch.done (/Users/kelli/.nvm/versions/node/v0.12.7/lib/node_modules/nightwatch/node_modules/q/q.js:863:30)
    at Promise.promise.promiseDispatch (/Users/kelli/.nvm/versions/node/v0.12.7/lib/node_modules/nightwatch/node_modules/q/q.js:796:13)
    at /Users/kelli/.nvm/versions/node/v0.12.7/lib/node_modules/nightwatch/node_modules/q/q.js:556:49
    at runSingle (/Users/kelli/.nvm/versions/node/v0.12.7/lib/node_modules/nightwatch/node_modules/q/q.js:137:13)
    at flush (/Users/kelli/.nvm/versions/node/v0.12.7/lib/node_modules/nightwatch/node_modules/q/q.js:125:13)
  Error while running [Iframeloads / step 1: page load]:

  TypeError: undefined is not a function
    at Object.opensitemapCommands.opensitemap (/Users/kelli/Sites/nightwatch/pages/opensitemap.js:8:10)
    at Object.module.exports.step 1: page load (/Users/kelli/Sites/nightwatch/test/smoketests/iframeloads.js:9:12)
    at Module.call (/Users/kelli/.nvm/versions/node/v0.12.7/lib/node_modules/nightwatch/lib/runner/module.js:62:34)
    at /Users/kelli/.nvm/versions/node/v0.12.7/lib/node_modules/nightwatch/lib/runner/testcase.js:70:29
    at _fulfilled (/Users/kelli/.nvm/versions/node/v0.12.7/lib/node_modules/nightwatch/node_modules/q/q.js:834:54)
    at self.promiseDispatch.done (/Users/kelli/.nvm/versions/node/v0.12.7/lib/node_modules/nightwatch/node_modules/q/q.js:863:30)
    at Promise.promise.promiseDispatch (/Users/kelli/.nvm/versions/node/v0.12.7/lib/node_modules/nightwatch/node_modules/q/q.js:796:13)
    at /Users/kelli/.nvm/versions/node/v0.12.7/lib/node_modules/nightwatch/node_modules/q/q.js:556:49
    at runSingle (/Users/kelli/.nvm/versions/node/v0.12.7/lib/node_modules/nightwatch/node_modules/q/q.js:137:13)
    at flush (/Users/kelli/.nvm/versions/node/v0.12.7/lib/node_modules/nightwatch/node_modules/q/q.js:125:13)
  Error while running [Selectalldefaultcolorswatches / Step 1: page load]:

  TypeError: undefined is not a function
    at Object.opensitemapCommands.opensitemap (/Users/kelli/Sites/nightwatch/pages/opensitemap.js:8:10)
    at Object.module.exports.Step 1: page load (/Users/kelli/Sites/nightwatch/test/smoketests/selectalldefaultcolorswatches.js:10:14)
    at Module.call (/Users/kelli/.nvm/versions/node/v0.12.7/lib/node_modules/nightwatch/lib/runner/module.js:62:34)
    at /Users/kelli/.nvm/versions/node/v0.12.7/lib/node_modules/nightwatch/lib/runner/testcase.js:70:29
    at _fulfilled (/Users/kelli/.nvm/versions/node/v0.12.7/lib/node_modules/nightwatch/node_modules/q/q.js:834:54)
    at self.promiseDispatch.done (/Users/kelli/.nvm/versions/node/v0.12.7/lib/node_modules/nightwatch/node_modules/q/q.js:863:30)
    at Promise.promise.promiseDispatch (/Users/kelli/.nvm/versions/node/v0.12.7/lib/node_modules/nightwatch/node_modules/q/q.js:796:13)
    at /Users/kelli/.nvm/versions/node/v0.12.7/lib/node_modules/nightwatch/node_modules/q/q.js:556:49
    at runSingle (/Users/kelli/.nvm/versions/node/v0.12.7/lib/node_modules/nightwatch/node_modules/q/q.js:137:13)
    at flush (/Users/kelli/.nvm/versions/node/v0.12.7/lib/node_modules/nightwatch/node_modules/q/q.js:125:13)
  Error while running [Selectcolor / Step 1: page load]:

  TypeError: undefined is not a function
    at Object.opensitemapCommands.opensitemap (/Users/kelli/Sites/nightwatch/pages/opensitemap.js:8:10)
    at Object.module.exports.Step 1: page load (/Users/kelli/Sites/nightwatch/test/smoketests/selectcolor.js:10:16)
    at Module.call (/Users/kelli/.nvm/versions/node/v0.12.7/lib/node_modules/nightwatch/lib/runner/module.js:62:34)
    at /Users/kelli/.nvm/versions/node/v0.12.7/lib/node_modules/nightwatch/lib/runner/testcase.js:70:29
    at _fulfilled (/Users/kelli/.nvm/versions/node/v0.12.7/lib/node_modules/nightwatch/node_modules/q/q.js:834:54)
    at self.promiseDispatch.done (/Users/kelli/.nvm/versions/node/v0.12.7/lib/node_modules/nightwatch/node_modules/q/q.js:863:30)
    at Promise.promise.promiseDispatch (/Users/kelli/.nvm/versions/node/v0.12.7/lib/node_modules/nightwatch/node_modules/q/q.js:796:13)
    at /Users/kelli/.nvm/versions/node/v0.12.7/lib/node_modules/nightwatch/node_modules/q/q.js:556:49
    at runSingle (/Users/kelli/.nvm/versions/node/v0.12.7/lib/node_modules/nightwatch/node_modules/q/q.js:137:13)
    at flush (/Users/kelli/.nvm/versions/node/v0.12.7/lib/node_modules/nightwatch/node_modules/q/q.js:125:13)
  Error while running [Selectcoloropacity / Step 1: page load]:

  TypeError: undefined is not a function
    at Object.opensitemapCommands.opensitemap (/Users/kelli/Sites/nightwatch/pages/opensitemap.js:8:10)
    at Object.module.exports.Step 1: page load (/Users/kelli/Sites/nightwatch/test/smoketests/selectcoloropacity.js:10:16)
    at Module.call (/Users/kelli/.nvm/versions/node/v0.12.7/lib/node_modules/nightwatch/lib/runner/module.js:62:34)
    at /Users/kelli/.nvm/versions/node/v0.12.7/lib/node_modules/nightwatch/lib/runner/testcase.js:70:29
    at _fulfilled (/Users/kelli/.nvm/versions/node/v0.12.7/lib/node_modules/nightwatch/node_modules/q/q.js:834:54)
    at self.promiseDispatch.done (/Users/kelli/.nvm/versions/node/v0.12.7/lib/node_modules/nightwatch/node_modules/q/q.js:863:30)
    at Promise.promise.promiseDispatch (/Users/kelli/.nvm/versions/node/v0.12.7/lib/node_modules/nightwatch/node_modules/q/q.js:796:13)
    at /Users/kelli/.nvm/versions/node/v0.12.7/lib/node_modules/nightwatch/node_modules/q/q.js:556:49
    at runSingle (/Users/kelli/.nvm/versions/node/v0.12.7/lib/node_modules/nightwatch/node_modules/q/q.js:137:13)
    at flush (/Users/kelli/.nvm/versions/node/v0.12.7/lib/node_modules/nightwatch/node_modules/q/q.js:125:13)
  Error while running [Selectdimension / Step 1: page load]:

  TypeError: undefined is not a function
    at Object.opensitemapCommands.opensitemap (/Users/kelli/Sites/nightwatch/pages/opensitemap.js:8:10)
    at Object.module.exports.Step 1: page load (/Users/kelli/Sites/nightwatch/test/smoketests/selectdimension.js:10:14)
    at Module.call (/Users/kelli/.nvm/versions/node/v0.12.7/lib/node_modules/nightwatch/lib/runner/module.js:62:34)
    at /Users/kelli/.nvm/versions/node/v0.12.7/lib/node_modules/nightwatch/lib/runner/testcase.js:70:29
    at _fulfilled (/Users/kelli/.nvm/versions/node/v0.12.7/lib/node_modules/nightwatch/node_modules/q/q.js:834:54)
    at self.promiseDispatch.done (/Users/kelli/.nvm/versions/node/v0.12.7/lib/node_modules/nightwatch/node_modules/q/q.js:863:30)
    at Promise.promise.promiseDispatch (/Users/kelli/.nvm/versions/node/v0.12.7/lib/node_modules/nightwatch/node_modules/q/q.js:796:13)
    at /Users/kelli/.nvm/versions/node/v0.12.7/lib/node_modules/nightwatch/node_modules/q/q.js:556:49
    at runSingle (/Users/kelli/.nvm/versions/node/v0.12.7/lib/node_modules/nightwatch/node_modules/q/q.js:137:13)
    at flush (/Users/kelli/.nvm/versions/node/v0.12.7/lib/node_modules/nightwatch/node_modules/q/q.js:125:13)
  Error while running [Selectfiltersgrayscale / Step 1: page load]:

  TypeError: undefined is not a function
    at Object.opensitemapCommands.opensitemap (/Users/kelli/Sites/nightwatch/pages/opensitemap.js:8:10)
    at Object.module.exports.Step 1: page load (/Users/kelli/Sites/nightwatch/test/smoketests/selectfiltersgrayscale.js:10:18)
    at Module.call (/Users/kelli/.nvm/versions/node/v0.12.7/lib/node_modules/nightwatch/lib/runner/module.js:62:34)
    at /Users/kelli/.nvm/versions/node/v0.12.7/lib/node_modules/nightwatch/lib/runner/testcase.js:70:29
    at _fulfilled (/Users/kelli/.nvm/versions/node/v0.12.7/lib/node_modules/nightwatch/node_modules/q/q.js:834:54)
    at self.promiseDispatch.done (/Users/kelli/.nvm/versions/node/v0.12.7/lib/node_modules/nightwatch/node_modules/q/q.js:863:30)
    at Promise.promise.promiseDispatch (/Users/kelli/.nvm/versions/node/v0.12.7/lib/node_modules/nightwatch/node_modules/q/q.js:796:13)
    at /Users/kelli/.nvm/versions/node/v0.12.7/lib/node_modules/nightwatch/node_modules/q/q.js:556:49
    at runSingle (/Users/kelli/.nvm/versions/node/v0.12.7/lib/node_modules/nightwatch/node_modules/q/q.js:137:13)
    at flush (/Users/kelli/.nvm/versions/node/v0.12.7/lib/node_modules/nightwatch/node_modules/q/q.js:125:13)
  Error while running [Selectgridlayout / Step 1: page load]:

  TypeError: undefined is not a function
    at Object.opensitemapCommands.opensitemap (/Users/kelli/Sites/nightwatch/pages/opensitemap.js:8:10)
    at Object.module.exports.Step 1: page load (/Users/kelli/Sites/nightwatch/test/smoketests/selectgridlayout.js:10:16)
    at Module.call (/Users/kelli/.nvm/versions/node/v0.12.7/lib/node_modules/nightwatch/lib/runner/module.js:62:34)
    at /Users/kelli/.nvm/versions/node/v0.12.7/lib/node_modules/nightwatch/lib/runner/testcase.js:70:29
    at _fulfilled (/Users/kelli/.nvm/versions/node/v0.12.7/lib/node_modules/nightwatch/node_modules/q/q.js:834:54)
    at self.promiseDispatch.done (/Users/kelli/.nvm/versions/node/v0.12.7/lib/node_modules/nightwatch/node_modules/q/q.js:863:30)
    at Promise.promise.promiseDispatch (/Users/kelli/.nvm/versions/node/v0.12.7/lib/node_modules/nightwatch/node_modules/q/q.js:796:13)
    at /Users/kelli/.nvm/versions/node/v0.12.7/lib/node_modules/nightwatch/node_modules/q/q.js:556:49
    at runSingle (/Users/kelli/.nvm/versions/node/v0.12.7/lib/node_modules/nightwatch/node_modules/q/q.js:137:13)
    at flush (/Users/kelli/.nvm/versions/node/v0.12.7/lib/node_modules/nightwatch/node_modules/q/q.js:125:13)
  Error while running [Selecthideonmobile / Step 1: page load]:

  TypeError: undefined is not a function
    at Object.opensitemapCommands.opensitemap (/Users/kelli/Sites/nightwatch/pages/opensitemap.js:8:10)
    at Object.module.exports.Step 1: page load (/Users/kelli/Sites/nightwatch/test/smoketests/selecthideonmobile.js:10:16)
    at Module.call (/Users/kelli/.nvm/versions/node/v0.12.7/lib/node_modules/nightwatch/lib/runner/module.js:62:34)
    at /Users/kelli/.nvm/versions/node/v0.12.7/lib/node_modules/nightwatch/lib/runner/testcase.js:70:29
    at _fulfilled (/Users/kelli/.nvm/versions/node/v0.12.7/lib/node_modules/nightwatch/node_modules/q/q.js:834:54)
    at self.promiseDispatch.done (/Users/kelli/.nvm/versions/node/v0.12.7/lib/node_modules/nightwatch/node_modules/q/q.js:863:30)
    at Promise.promise.promiseDispatch (/Users/kelli/.nvm/versions/node/v0.12.7/lib/node_modules/nightwatch/node_modules/q/q.js:796:13)
    at /Users/kelli/.nvm/versions/node/v0.12.7/lib/node_modules/nightwatch/node_modules/q/q.js:556:49
    at runSingle (/Users/kelli/.nvm/versions/node/v0.12.7/lib/node_modules/nightwatch/node_modules/q/q.js:137:13)
    at flush (/Users/kelli/.nvm/versions/node/v0.12.7/lib/node_modules/nightwatch/node_modules/q/q.js:125:13)
  Error while running [Selectstroke / Step 1: page load]:

  TypeError: undefined is not a function
    at Object.opensitemapCommands.opensitemap (/Users/kelli/Sites/nightwatch/pages/opensitemap.js:8:10)
    at Object.module.exports.Step 1: page load (/Users/kelli/Sites/nightwatch/test/smoketests/selectstroke.js:10:14)
    at Module.call (/Users/kelli/.nvm/versions/node/v0.12.7/lib/node_modules/nightwatch/lib/runner/module.js:62:34)
    at /Users/kelli/.nvm/versions/node/v0.12.7/lib/node_modules/nightwatch/lib/runner/testcase.js:70:29
    at _fulfilled (/Users/kelli/.nvm/versions/node/v0.12.7/lib/node_modules/nightwatch/node_modules/q/q.js:834:54)
    at self.promiseDispatch.done (/Users/kelli/.nvm/versions/node/v0.12.7/lib/node_modules/nightwatch/node_modules/q/q.js:863:30)
    at Promise.promise.promiseDispatch (/Users/kelli/.nvm/versions/node/v0.12.7/lib/node_modules/nightwatch/node_modules/q/q.js:796:13)
    at /Users/kelli/.nvm/versions/node/v0.12.7/lib/node_modules/nightwatch/node_modules/q/q.js:556:49
    at runSingle (/Users/kelli/.nvm/versions/node/v0.12.7/lib/node_modules/nightwatch/node_modules/q/q.js:137:13)
    at flush (/Users/kelli/.nvm/versions/node/v0.12.7/lib/node_modules/nightwatch/node_modules/q/q.js:125:13)
  Error while running [Selectstrokecolor / Step 1: page load]:

  TypeError: undefined is not a function
    at Object.opensitemapCommands.opensitemap (/Users/kelli/Sites/nightwatch/pages/opensitemap.js:8:10)
    at Object.module.exports.Step 1: page load (/Users/kelli/Sites/nightwatch/test/smoketests/selectstrokecolor.js:10:14)
    at Module.call (/Users/kelli/.nvm/versions/node/v0.12.7/lib/node_modules/nightwatch/lib/runner/module.js:62:34)
    at /Users/kelli/.nvm/versions/node/v0.12.7/lib/node_modules/nightwatch/lib/runner/testcase.js:70:29
    at _fulfilled (/Users/kelli/.nvm/versions/node/v0.12.7/lib/node_modules/nightwatch/node_modules/q/q.js:834:54)
    at self.promiseDispatch.done (/Users/kelli/.nvm/versions/node/v0.12.7/lib/node_modules/nightwatch/node_modules/q/q.js:863:30)
    at Promise.promise.promiseDispatch (/Users/kelli/.nvm/versions/node/v0.12.7/lib/node_modules/nightwatch/node_modules/q/q.js:796:13)
    at /Users/kelli/.nvm/versions/node/v0.12.7/lib/node_modules/nightwatch/node_modules/q/q.js:556:49
    at runSingle (/Users/kelli/.nvm/versions/node/v0.12.7/lib/node_modules/nightwatch/node_modules/q/q.js:137:13)
    at flush (/Users/kelli/.nvm/versions/node/v0.12.7/lib/node_modules/nightwatch/node_modules/q/q.js:125:13)
  Error while running [Selecttextcolor / Step 1: page load]:

  TypeError: undefined is not a function
    at Object.opensitemapCommands.opensitemap (/Users/kelli/Sites/nightwatch/pages/opensitemap.js:8:10)
    at Object.module.exports.Step 1: page load (/Users/kelli/Sites/nightwatch/test/smoketests/selecttextcolor.js:10:14)
    at Module.call (/Users/kelli/.nvm/versions/node/v0.12.7/lib/node_modules/nightwatch/lib/runner/module.js:62:34)
    at /Users/kelli/.nvm/versions/node/v0.12.7/lib/node_modules/nightwatch/lib/runner/testcase.js:70:29
    at _fulfilled (/Users/kelli/.nvm/versions/node/v0.12.7/lib/node_modules/nightwatch/node_modules/q/q.js:834:54)
    at self.promiseDispatch.done (/Users/kelli/.nvm/versions/node/v0.12.7/lib/node_modules/nightwatch/node_modules/q/q.js:863:30)
    at Promise.promise.promiseDispatch (/Users/kelli/.nvm/versions/node/v0.12.7/lib/node_modules/nightwatch/node_modules/q/q.js:796:13)
    at /Users/kelli/.nvm/versions/node/v0.12.7/lib/node_modules/nightwatch/node_modules/q/q.js:556:49
    at runSingle (/Users/kelli/.nvm/versions/node/v0.12.7/lib/node_modules/nightwatch/node_modules/q/q.js:137:13)
    at flush (/Users/kelli/.nvm/versions/node/v0.12.7/lib/node_modules/nightwatch/node_modules/q/q.js:125:13)
  Error while running [Selecttextolor / Step 1: page load]:

  TypeError: undefined is not a function
    at Object.opensitemapCommands.opensitemap (/Users/kelli/Sites/nightwatch/pages/opensitemap.js:8:10)
    at Object.module.exports.Step 1: page load (/Users/kelli/Sites/nightwatch/test/smoketests/selecttextolor.js:10:16)
    at Module.call (/Users/kelli/.nvm/versions/node/v0.12.7/lib/node_modules/nightwatch/lib/runner/module.js:62:34)
    at /Users/kelli/.nvm/versions/node/v0.12.7/lib/node_modules/nightwatch/lib/runner/testcase.js:70:29
    at _fulfilled (/Users/kelli/.nvm/versions/node/v0.12.7/lib/node_modules/nightwatch/node_modules/q/q.js:834:54)
    at self.promiseDispatch.done (/Users/kelli/.nvm/versions/node/v0.12.7/lib/node_modules/nightwatch/node_modules/q/q.js:863:30)
    at Promise.promise.promiseDispatch (/Users/kelli/.nvm/versions/node/v0.12.7/lib/node_modules/nightwatch/node_modules/q/q.js:796:13)
    at /Users/kelli/.nvm/versions/node/v0.12.7/lib/node_modules/nightwatch/node_modules/q/q.js:556:49
    at runSingle (/Users/kelli/.nvm/versions/node/v0.12.7/lib/node_modules/nightwatch/node_modules/q/q.js:137:13)
    at flush (/Users/kelli/.nvm/versions/node/v0.12.7/lib/node_modules/nightwatch/node_modules/q/q.js:125:13)
  Error while running [Sitemapsearch / Step 1: page load]:

  TypeError: undefined is not a function
    at Object.opensitemapCommands.opensitemap (/Users/kelli/Sites/nightwatch/pages/opensitemap.js:8:10)
    at Object.module.exports.Step 1: page load (/Users/kelli/Sites/nightwatch/test/smoketests/sitemapsearch.js:9:12)
    at Module.call (/Users/kelli/.nvm/versions/node/v0.12.7/lib/node_modules/nightwatch/lib/runner/module.js:62:34)
    at /Users/kelli/.nvm/versions/node/v0.12.7/lib/node_modules/nightwatch/lib/runner/testcase.js:70:29
    at _fulfilled (/Users/kelli/.nvm/versions/node/v0.12.7/lib/node_modules/nightwatch/node_modules/q/q.js:834:54)
    at self.promiseDispatch.done (/Users/kelli/.nvm/versions/node/v0.12.7/lib/node_modules/nightwatch/node_modules/q/q.js:863:30)
    at Promise.promise.promiseDispatch (/Users/kelli/.nvm/versions/node/v0.12.7/lib/node_modules/nightwatch/node_modules/q/q.js:796:13)
    at /Users/kelli/.nvm/versions/node/v0.12.7/lib/node_modules/nightwatch/node_modules/q/q.js:556:49
    at runSingle (/Users/kelli/.nvm/versions/node/v0.12.7/lib/node_modules/nightwatch/node_modules/q/q.js:137:13)
    at flush (/Users/kelli/.nvm/versions/node/v0.12.7/lib/node_modules/nightwatch/node_modules/q/q.js:125:13)
  Error while running [Textlayout / step 1: load page]:

  TypeError: undefined is not a function
    at Object.opensitemapCommands.opensitemap (/Users/kelli/Sites/nightwatch/pages/opensitemap.js:8:10)
    at Object.module.exports.step 1: load page (/Users/kelli/Sites/nightwatch/test/smoketests/textlayout.js:10:14)
    at Module.call (/Users/kelli/.nvm/versions/node/v0.12.7/lib/node_modules/nightwatch/lib/runner/module.js:62:34)
    at /Users/kelli/.nvm/versions/node/v0.12.7/lib/node_modules/nightwatch/lib/runner/testcase.js:70:29
    at _fulfilled (/Users/kelli/.nvm/versions/node/v0.12.7/lib/node_modules/nightwatch/node_modules/q/q.js:834:54)
    at self.promiseDispatch.done (/Users/kelli/.nvm/versions/node/v0.12.7/lib/node_modules/nightwatch/node_modules/q/q.js:863:30)
    at Promise.promise.promiseDispatch (/Users/kelli/.nvm/versions/node/v0.12.7/lib/node_modules/nightwatch/node_modules/q/q.js:796:13)
    at /Users/kelli/.nvm/versions/node/v0.12.7/lib/node_modules/nightwatch/node_modules/q/q.js:556:49
    at runSingle (/Users/kelli/.nvm/versions/node/v0.12.7/lib/node_modules/nightwatch/node_modules/q/q.js:137:13)
    at flush (/Users/kelli/.nvm/versions/node/v0.12.7/lib/node_modules/nightwatch/node_modules/q/q.js:125:13)
  Error while running [Undock:drag:dockcolorpanel / Step 1: page load]:

  TypeError: undefined is not a function
    at Object.opensitemapCommands.opensitemap (/Users/kelli/Sites/nightwatch/pages/opensitemap.js:8:10)
    at Object.module.exports.Step 1: page load (/Users/kelli/Sites/nightwatch/test/smoketests/undock:drag:dockcolorpanel.js:10:14)
    at Module.call (/Users/kelli/.nvm/versions/node/v0.12.7/lib/node_modules/nightwatch/lib/runner/module.js:62:34)
    at /Users/kelli/.nvm/versions/node/v0.12.7/lib/node_modules/nightwatch/lib/runner/testcase.js:70:29
    at _fulfilled (/Users/kelli/.nvm/versions/node/v0.12.7/lib/node_modules/nightwatch/node_modules/q/q.js:834:54)
    at self.promiseDispatch.done (/Users/kelli/.nvm/versions/node/v0.12.7/lib/node_modules/nightwatch/node_modules/q/q.js:863:30)
    at Promise.promise.promiseDispatch (/Users/kelli/.nvm/versions/node/v0.12.7/lib/node_modules/nightwatch/node_modules/q/q.js:796:13)
    at /Users/kelli/.nvm/versions/node/v0.12.7/lib/node_modules/nightwatch/node_modules/q/q.js:556:49
    at runSingle (/Users/kelli/.nvm/versions/node/v0.12.7/lib/node_modules/nightwatch/node_modules/q/q.js:137:13)
    at flush (/Users/kelli/.nvm/versions/node/v0.12.7/lib/node_modules/nightwatch/node_modules/q/q.js:125:13)
  Error while running [Undockcolorpanel / Step 1: page load]:

  TypeError: undefined is not a function
    at Object.opensitemapCommands.opensitemap (/Users/kelli/Sites/nightwatch/pages/opensitemap.js:8:10)
    at Object.module.exports.Step 1: page load (/Users/kelli/Sites/nightwatch/test/smoketests/undockcolorpanel.js:10:14)
    at Module.call (/Users/kelli/.nvm/versions/node/v0.12.7/lib/node_modules/nightwatch/lib/runner/module.js:62:34)
    at /Users/kelli/.nvm/versions/node/v0.12.7/lib/node_modules/nightwatch/lib/runner/testcase.js:70:29
    at _fulfilled (/Users/kelli/.nvm/versions/node/v0.12.7/lib/node_modules/nightwatch/node_modules/q/q.js:834:54)
    at self.promiseDispatch.done (/Users/kelli/.nvm/versions/node/v0.12.7/lib/node_modules/nightwatch/node_modules/q/q.js:863:30)
    at Promise.promise.promiseDispatch (/Users/kelli/.nvm/versions/node/v0.12.7/lib/node_modules/nightwatch/node_modules/q/q.js:796:13)
    at /Users/kelli/.nvm/versions/node/v0.12.7/lib/node_modules/nightwatch/node_modules/q/q.js:556:49
    at runSingle (/Users/kelli/.nvm/versions/node/v0.12.7/lib/node_modules/nightwatch/node_modules/q/q.js:137:13)
    at flush (/Users/kelli/.nvm/versions/node/v0.12.7/lib/node_modules/nightwatch/node_modules/q/q.js:125:13)
      </system-err>
  
    <testcase name="step 2: open and close color panel" time="1.222" assertions="5">  <failure message="Testing if element &lt;div.ui-wrapper[title=&quot;Color&quot;]&gt; is present.">    at Object.opencolorpanelCommands.opencolorpanel (/Users/kelli/Sites/nightwatch/pages/opencolorpanel.js:3:17)
    at Object.module.exports.step 2: open and close color panel (/Users/kelli/Sites/nightwatch/test/smoketests/colorpanel.js:13:14)</failure>

      <failure message="Testing if element &lt;.overlay-label.drag-handle&gt; contains text: &quot;Color&quot;. Element could not be located.">    at Object.opencolorpanelCommands.opencolorpanel (/Users/kelli/Sites/nightwatch/pages/opencolorpanel.js:5:15)
    at Object.module.exports.step 2: open and close color panel (/Users/kelli/Sites/nightwatch/test/smoketests/colorpanel.js:13:14)</failure>

    

      <failure message="Testing if element &lt;.panel-body&gt; is present.">    at Object.closepanelCommands.closepanel (/Users/kelli/Sites/nightwatch/pages/closepanel.js:3:17)
    at Object.module.exports.step 2: open and close color panel (/Users/kelli/Sites/nightwatch/test/smoketests/colorpanel.js:16:14)</failure>

    

    
    </testcase>
      <system-err>
          Error while running [Closetab / step 2: close tab]:

  TypeError: undefined is not a function
    at Object.opensitemapCommands.opensitemap (/Users/kelli/Sites/nightwatch/pages/opensitemap.js:8:10)
    at Object.module.exports.step 2: close tab (/Users/kelli/Sites/nightwatch/test/smoketests/closetab.js:11:12)
    at Module.call (/Users/kelli/.nvm/versions/node/v0.12.7/lib/node_modules/nightwatch/lib/runner/module.js:62:34)
    at /Users/kelli/.nvm/versions/node/v0.12.7/lib/node_modules/nightwatch/lib/runner/testcase.js:70:29
    at _fulfilled (/Users/kelli/.nvm/versions/node/v0.12.7/lib/node_modules/nightwatch/node_modules/q/q.js:834:54)
    at self.promiseDispatch.done (/Users/kelli/.nvm/versions/node/v0.12.7/lib/node_modules/nightwatch/node_modules/q/q.js:863:30)
    at Promise.promise.promiseDispatch (/Users/kelli/.nvm/versions/node/v0.12.7/lib/node_modules/nightwatch/node_modules/q/q.js:796:13)
    at /Users/kelli/.nvm/versions/node/v0.12.7/lib/node_modules/nightwatch/node_modules/q/q.js:556:49
    at runSingle (/Users/kelli/.nvm/versions/node/v0.12.7/lib/node_modules/nightwatch/node_modules/q/q.js:137:13)
    at flush (/Users/kelli/.nvm/versions/node/v0.12.7/lib/node_modules/nightwatch/node_modules/q/q.js:125:13)
ERROR: Unable to locate element: &quot;div.ui-wrapper[title=&quot;Color&quot;]&quot; using: css selector
    at Object.click (/Users/kelli/.nvm/versions/node/v0.12.7/lib/node_modules/nightwatch/lib/page-object/command-wrapper.js:103:25)
    at Object.opencolorpanelCommands.opencolorpanel (/Users/kelli/Sites/nightwatch/pages/opencolorpanel.js:4:8)
    at Object.module.exports.step 2: open and close color panel (/Users/kelli/Sites/nightwatch/test/smoketests/colorpanel.js:13:14)
    at Module.call (/Users/kelli/.nvm/versions/node/v0.12.7/lib/node_modules/nightwatch/lib/runner/module.js:62:34)
    at /Users/kelli/.nvm/versions/node/v0.12.7/lib/node_modules/nightwatch/lib/runner/testcase.js:70:29
    at _fulfilled (/Users/kelli/.nvm/versions/node/v0.12.7/lib/node_modules/nightwatch/node_modules/q/q.js:834:54)
    at self.promiseDispatch.done (/Users/kelli/.nvm/versions/node/v0.12.7/lib/node_modules/nightwatch/node_modules/q/q.js:863:30)
    at Promise.promise.promiseDispatch (/Users/kelli/.nvm/versions/node/v0.12.7/lib/node_modules/nightwatch/node_modules/q/q.js:796:13)
    at /Users/kelli/.nvm/versions/node/v0.12.7/lib/node_modules/nightwatch/node_modules/q/q.js:556:49
    at runSingle (/Users/kelli/.nvm/versions/node/v0.12.7/lib/node_modules/nightwatch/node_modules/q/q.js:137:13)
ERROR: Unable to locate element: &quot;.overlay-label.drag-handle&quot; using: css selector
    at command (/Users/kelli/.nvm/versions/node/v0.12.7/lib/node_modules/nightwatch/lib/api/assertions/containsText.js:46:21)
    at module.exports.BaseAssertion._scheduleAssertion (/Users/kelli/.nvm/versions/node/v0.12.7/lib/node_modules/nightwatch/lib/core/assertion.js:87:17)
    at module.exports.BaseAssertion._executeCommand (/Users/kelli/.nvm/versions/node/v0.12.7/lib/node_modules/nightwatch/lib/core/assertion.js:82:17)
    at AssertionInstance.commandFn [as _commandFn] (/Users/kelli/.nvm/versions/node/v0.12.7/lib/node_modules/nightwatch/lib/core/assertion.js:180:21)
    at AsyncTree.runCommand (/Users/kelli/.nvm/versions/node/v0.12.7/lib/node_modules/nightwatch/lib/core/queue.js:154:30)
    at AsyncTree.runChildNode (/Users/kelli/.nvm/versions/node/v0.12.7/lib/node_modules/nightwatch/lib/core/queue.js:114:8)
    at AsyncTree.walkDown (/Users/kelli/.nvm/versions/node/v0.12.7/lib/node_modules/nightwatch/lib/core/queue.js:80:10)
    at AsyncTree.walkUp (/Users/kelli/.nvm/versions/node/v0.12.7/lib/node_modules/nightwatch/lib/core/queue.js:97:8)
    at AsyncTree.walkDown (/Users/kelli/.nvm/versions/node/v0.12.7/lib/node_modules/nightwatch/lib/core/queue.js:90:12)
    at AsyncTree.traverse (/Users/kelli/.nvm/versions/node/v0.12.7/lib/node_modules/nightwatch/lib/core/queue.js:73:8)
ERROR: Unable to locate element: &quot;div.panel-close-container&quot; using: css selector
    at Object.closepanelCommands.closepanel (/Users/kelli/Sites/nightwatch/pages/closepanel.js:4:16)
    at Object.module.exports.step 2: open and close color panel (/Users/kelli/Sites/nightwatch/test/smoketests/colorpanel.js:16:14)
    at Module.call (/Users/kelli/.nvm/versions/node/v0.12.7/lib/node_modules/nightwatch/lib/runner/module.js:62:34)
    at /Users/kelli/.nvm/versions/node/v0.12.7/lib/node_modules/nightwatch/lib/runner/testcase.js:70:29
    at _fulfilled (/Users/kelli/.nvm/versions/node/v0.12.7/lib/node_modules/nightwatch/node_modules/q/q.js:834:54)
    at self.promiseDispatch.done (/Users/kelli/.nvm/versions/node/v0.12.7/lib/node_modules/nightwatch/node_modules/q/q.js:863:30)
    at Promise.promise.promiseDispatch (/Users/kelli/.nvm/versions/node/v0.12.7/lib/node_modules/nightwatch/node_modules/q/q.js:796:13)
    at /Users/kelli/.nvm/versions/node/v0.12.7/lib/node_modules/nightwatch/node_modules/q/q.js:556:49
    at runSingle (/Users/kelli/.nvm/versions/node/v0.12.7/lib/node_modules/nightwatch/node_modules/q/q.js:137:13)
    at flush (/Users/kelli/.nvm/versions/node/v0.12.7/lib/node_modules/nightwatch/node_modules/q/q.js:125:13)
  Error while running [Entertexthexcode / step 1: load page]:

  TypeError: undefined is not a function
    at Object.opensitemapCommands.opensitemap (/Users/kelli/Sites/nightwatch/pages/opensitemap.js:8:10)
    at Object.module.exports.step 1: load page (/Users/kelli/Sites/nightwatch/test/smoketests/entertexthexcode.js:10:16)
    at Module.call (/Users/kelli/.nvm/versions/node/v0.12.7/lib/node_modules/nightwatch/lib/runner/module.js:62:34)
    at /Users/kelli/.nvm/versions/node/v0.12.7/lib/node_modules/nightwatch/lib/runner/testcase.js:70:29
    at _fulfilled (/Users/kelli/.nvm/versions/node/v0.12.7/lib/node_modules/nightwatch/node_modules/q/q.js:834:54)
    at self.promiseDispatch.done (/Users/kelli/.nvm/versions/node/v0.12.7/lib/node_modules/nightwatch/node_modules/q/q.js:863:30)
    at Promise.promise.promiseDispatch (/Users/kelli/.nvm/versions/node/v0.12.7/lib/node_modules/nightwatch/node_modules/q/q.js:796:13)
    at /Users/kelli/.nvm/versions/node/v0.12.7/lib/node_modules/nightwatch/node_modules/q/q.js:556:49
    at runSingle (/Users/kelli/.nvm/versions/node/v0.12.7/lib/node_modules/nightwatch/node_modules/q/q.js:137:13)
    at flush (/Users/kelli/.nvm/versions/node/v0.12.7/lib/node_modules/nightwatch/node_modules/q/q.js:125:13)
  Error while running [Gridlayout / Step 1: page load]:

  TypeError: undefined is not a function
    at Object.opensitemapCommands.opensitemap (/Users/kelli/Sites/nightwatch/pages/opensitemap.js:8:10)
    at Object.module.exports.Step 1: page load (/Users/kelli/Sites/nightwatch/test/smoketests/gridlayout.js:10:14)
    at Module.call (/Users/kelli/.nvm/versions/node/v0.12.7/lib/node_modules/nightwatch/lib/runner/module.js:62:34)
    at /Users/kelli/.nvm/versions/node/v0.12.7/lib/node_modules/nightwatch/lib/runner/testcase.js:70:29
    at _fulfilled (/Users/kelli/.nvm/versions/node/v0.12.7/lib/node_modules/nightwatch/node_modules/q/q.js:834:54)
    at self.promiseDispatch.done (/Users/kelli/.nvm/versions/node/v0.12.7/lib/node_modules/nightwatch/node_modules/q/q.js:863:30)
    at Promise.promise.promiseDispatch (/Users/kelli/.nvm/versions/node/v0.12.7/lib/node_modules/nightwatch/node_modules/q/q.js:796:13)
    at /Users/kelli/.nvm/versions/node/v0.12.7/lib/node_modules/nightwatch/node_modules/q/q.js:556:49
    at runSingle (/Users/kelli/.nvm/versions/node/v0.12.7/lib/node_modules/nightwatch/node_modules/q/q.js:137:13)
    at flush (/Users/kelli/.nvm/versions/node/v0.12.7/lib/node_modules/nightwatch/node_modules/q/q.js:125:13)
  Error while running [Gutterwidthslider / Step 1: page load]:

  TypeError: undefined is not a function
    at Object.opensitemapCommands.opensitemap (/Users/kelli/Sites/nightwatch/pages/opensitemap.js:8:10)
    at Object.module.exports.Step 1: page load (/Users/kelli/Sites/nightwatch/test/smoketests/gutterwidthslider.js:10:16)
    at Module.call (/Users/kelli/.nvm/versions/node/v0.12.7/lib/node_modules/nightwatch/lib/runner/module.js:62:34)
    at /Users/kelli/.nvm/versions/node/v0.12.7/lib/node_modules/nightwatch/lib/runner/testcase.js:70:29
    at _fulfilled (/Users/kelli/.nvm/versions/node/v0.12.7/lib/node_modules/nightwatch/node_modules/q/q.js:834:54)
    at self.promiseDispatch.done (/Users/kelli/.nvm/versions/node/v0.12.7/lib/node_modules/nightwatch/node_modules/q/q.js:863:30)
    at Promise.promise.promiseDispatch (/Users/kelli/.nvm/versions/node/v0.12.7/lib/node_modules/nightwatch/node_modules/q/q.js:796:13)
    at /Users/kelli/.nvm/versions/node/v0.12.7/lib/node_modules/nightwatch/node_modules/q/q.js:556:49
    at runSingle (/Users/kelli/.nvm/versions/node/v0.12.7/lib/node_modules/nightwatch/node_modules/q/q.js:137:13)
    at flush (/Users/kelli/.nvm/versions/node/v0.12.7/lib/node_modules/nightwatch/node_modules/q/q.js:125:13)
  Error while running [Iframeloads / step 1: page load]:

  TypeError: undefined is not a function
    at Object.opensitemapCommands.opensitemap (/Users/kelli/Sites/nightwatch/pages/opensitemap.js:8:10)
    at Object.module.exports.step 1: page load (/Users/kelli/Sites/nightwatch/test/smoketests/iframeloads.js:9:12)
    at Module.call (/Users/kelli/.nvm/versions/node/v0.12.7/lib/node_modules/nightwatch/lib/runner/module.js:62:34)
    at /Users/kelli/.nvm/versions/node/v0.12.7/lib/node_modules/nightwatch/lib/runner/testcase.js:70:29
    at _fulfilled (/Users/kelli/.nvm/versions/node/v0.12.7/lib/node_modules/nightwatch/node_modules/q/q.js:834:54)
    at self.promiseDispatch.done (/Users/kelli/.nvm/versions/node/v0.12.7/lib/node_modules/nightwatch/node_modules/q/q.js:863:30)
    at Promise.promise.promiseDispatch (/Users/kelli/.nvm/versions/node/v0.12.7/lib/node_modules/nightwatch/node_modules/q/q.js:796:13)
    at /Users/kelli/.nvm/versions/node/v0.12.7/lib/node_modules/nightwatch/node_modules/q/q.js:556:49
    at runSingle (/Users/kelli/.nvm/versions/node/v0.12.7/lib/node_modules/nightwatch/node_modules/q/q.js:137:13)
    at flush (/Users/kelli/.nvm/versions/node/v0.12.7/lib/node_modules/nightwatch/node_modules/q/q.js:125:13)
  Error while running [Selectalldefaultcolorswatches / Step 1: page load]:

  TypeError: undefined is not a function
    at Object.opensitemapCommands.opensitemap (/Users/kelli/Sites/nightwatch/pages/opensitemap.js:8:10)
    at Object.module.exports.Step 1: page load (/Users/kelli/Sites/nightwatch/test/smoketests/selectalldefaultcolorswatches.js:10:14)
    at Module.call (/Users/kelli/.nvm/versions/node/v0.12.7/lib/node_modules/nightwatch/lib/runner/module.js:62:34)
    at /Users/kelli/.nvm/versions/node/v0.12.7/lib/node_modules/nightwatch/lib/runner/testcase.js:70:29
    at _fulfilled (/Users/kelli/.nvm/versions/node/v0.12.7/lib/node_modules/nightwatch/node_modules/q/q.js:834:54)
    at self.promiseDispatch.done (/Users/kelli/.nvm/versions/node/v0.12.7/lib/node_modules/nightwatch/node_modules/q/q.js:863:30)
    at Promise.promise.promiseDispatch (/Users/kelli/.nvm/versions/node/v0.12.7/lib/node_modules/nightwatch/node_modules/q/q.js:796:13)
    at /Users/kelli/.nvm/versions/node/v0.12.7/lib/node_modules/nightwatch/node_modules/q/q.js:556:49
    at runSingle (/Users/kelli/.nvm/versions/node/v0.12.7/lib/node_modules/nightwatch/node_modules/q/q.js:137:13)
    at flush (/Users/kelli/.nvm/versions/node/v0.12.7/lib/node_modules/nightwatch/node_modules/q/q.js:125:13)
  Error while running [Selectcolor / Step 1: page load]:

  TypeError: undefined is not a function
    at Object.opensitemapCommands.opensitemap (/Users/kelli/Sites/nightwatch/pages/opensitemap.js:8:10)
    at Object.module.exports.Step 1: page load (/Users/kelli/Sites/nightwatch/test/smoketests/selectcolor.js:10:16)
    at Module.call (/Users/kelli/.nvm/versions/node/v0.12.7/lib/node_modules/nightwatch/lib/runner/module.js:62:34)
    at /Users/kelli/.nvm/versions/node/v0.12.7/lib/node_modules/nightwatch/lib/runner/testcase.js:70:29
    at _fulfilled (/Users/kelli/.nvm/versions/node/v0.12.7/lib/node_modules/nightwatch/node_modules/q/q.js:834:54)
    at self.promiseDispatch.done (/Users/kelli/.nvm/versions/node/v0.12.7/lib/node_modules/nightwatch/node_modules/q/q.js:863:30)
    at Promise.promise.promiseDispatch (/Users/kelli/.nvm/versions/node/v0.12.7/lib/node_modules/nightwatch/node_modules/q/q.js:796:13)
    at /Users/kelli/.nvm/versions/node/v0.12.7/lib/node_modules/nightwatch/node_modules/q/q.js:556:49
    at runSingle (/Users/kelli/.nvm/versions/node/v0.12.7/lib/node_modules/nightwatch/node_modules/q/q.js:137:13)
    at flush (/Users/kelli/.nvm/versions/node/v0.12.7/lib/node_modules/nightwatch/node_modules/q/q.js:125:13)
  Error while running [Selectcoloropacity / Step 1: page load]:

  TypeError: undefined is not a function
    at Object.opensitemapCommands.opensitemap (/Users/kelli/Sites/nightwatch/pages/opensitemap.js:8:10)
    at Object.module.exports.Step 1: page load (/Users/kelli/Sites/nightwatch/test/smoketests/selectcoloropacity.js:10:16)
    at Module.call (/Users/kelli/.nvm/versions/node/v0.12.7/lib/node_modules/nightwatch/lib/runner/module.js:62:34)
    at /Users/kelli/.nvm/versions/node/v0.12.7/lib/node_modules/nightwatch/lib/runner/testcase.js:70:29
    at _fulfilled (/Users/kelli/.nvm/versions/node/v0.12.7/lib/node_modules/nightwatch/node_modules/q/q.js:834:54)
    at self.promiseDispatch.done (/Users/kelli/.nvm/versions/node/v0.12.7/lib/node_modules/nightwatch/node_modules/q/q.js:863:30)
    at Promise.promise.promiseDispatch (/Users/kelli/.nvm/versions/node/v0.12.7/lib/node_modules/nightwatch/node_modules/q/q.js:796:13)
    at /Users/kelli/.nvm/versions/node/v0.12.7/lib/node_modules/nightwatch/node_modules/q/q.js:556:49
    at runSingle (/Users/kelli/.nvm/versions/node/v0.12.7/lib/node_modules/nightwatch/node_modules/q/q.js:137:13)
    at flush (/Users/kelli/.nvm/versions/node/v0.12.7/lib/node_modules/nightwatch/node_modules/q/q.js:125:13)
  Error while running [Selectdimension / Step 1: page load]:

  TypeError: undefined is not a function
    at Object.opensitemapCommands.opensitemap (/Users/kelli/Sites/nightwatch/pages/opensitemap.js:8:10)
    at Object.module.exports.Step 1: page load (/Users/kelli/Sites/nightwatch/test/smoketests/selectdimension.js:10:14)
    at Module.call (/Users/kelli/.nvm/versions/node/v0.12.7/lib/node_modules/nightwatch/lib/runner/module.js:62:34)
    at /Users/kelli/.nvm/versions/node/v0.12.7/lib/node_modules/nightwatch/lib/runner/testcase.js:70:29
    at _fulfilled (/Users/kelli/.nvm/versions/node/v0.12.7/lib/node_modules/nightwatch/node_modules/q/q.js:834:54)
    at self.promiseDispatch.done (/Users/kelli/.nvm/versions/node/v0.12.7/lib/node_modules/nightwatch/node_modules/q/q.js:863:30)
    at Promise.promise.promiseDispatch (/Users/kelli/.nvm/versions/node/v0.12.7/lib/node_modules/nightwatch/node_modules/q/q.js:796:13)
    at /Users/kelli/.nvm/versions/node/v0.12.7/lib/node_modules/nightwatch/node_modules/q/q.js:556:49
    at runSingle (/Users/kelli/.nvm/versions/node/v0.12.7/lib/node_modules/nightwatch/node_modules/q/q.js:137:13)
    at flush (/Users/kelli/.nvm/versions/node/v0.12.7/lib/node_modules/nightwatch/node_modules/q/q.js:125:13)
  Error while running [Selectfiltersgrayscale / Step 1: page load]:

  TypeError: undefined is not a function
    at Object.opensitemapCommands.opensitemap (/Users/kelli/Sites/nightwatch/pages/opensitemap.js:8:10)
    at Object.module.exports.Step 1: page load (/Users/kelli/Sites/nightwatch/test/smoketests/selectfiltersgrayscale.js:10:18)
    at Module.call (/Users/kelli/.nvm/versions/node/v0.12.7/lib/node_modules/nightwatch/lib/runner/module.js:62:34)
    at /Users/kelli/.nvm/versions/node/v0.12.7/lib/node_modules/nightwatch/lib/runner/testcase.js:70:29
    at _fulfilled (/Users/kelli/.nvm/versions/node/v0.12.7/lib/node_modules/nightwatch/node_modules/q/q.js:834:54)
    at self.promiseDispatch.done (/Users/kelli/.nvm/versions/node/v0.12.7/lib/node_modules/nightwatch/node_modules/q/q.js:863:30)
    at Promise.promise.promiseDispatch (/Users/kelli/.nvm/versions/node/v0.12.7/lib/node_modules/nightwatch/node_modules/q/q.js:796:13)
    at /Users/kelli/.nvm/versions/node/v0.12.7/lib/node_modules/nightwatch/node_modules/q/q.js:556:49
    at runSingle (/Users/kelli/.nvm/versions/node/v0.12.7/lib/node_modules/nightwatch/node_modules/q/q.js:137:13)
    at flush (/Users/kelli/.nvm/versions/node/v0.12.7/lib/node_modules/nightwatch/node_modules/q/q.js:125:13)
  Error while running [Selectgridlayout / Step 1: page load]:

  TypeError: undefined is not a function
    at Object.opensitemapCommands.opensitemap (/Users/kelli/Sites/nightwatch/pages/opensitemap.js:8:10)
    at Object.module.exports.Step 1: page load (/Users/kelli/Sites/nightwatch/test/smoketests/selectgridlayout.js:10:16)
    at Module.call (/Users/kelli/.nvm/versions/node/v0.12.7/lib/node_modules/nightwatch/lib/runner/module.js:62:34)
    at /Users/kelli/.nvm/versions/node/v0.12.7/lib/node_modules/nightwatch/lib/runner/testcase.js:70:29
    at _fulfilled (/Users/kelli/.nvm/versions/node/v0.12.7/lib/node_modules/nightwatch/node_modules/q/q.js:834:54)
    at self.promiseDispatch.done (/Users/kelli/.nvm/versions/node/v0.12.7/lib/node_modules/nightwatch/node_modules/q/q.js:863:30)
    at Promise.promise.promiseDispatch (/Users/kelli/.nvm/versions/node/v0.12.7/lib/node_modules/nightwatch/node_modules/q/q.js:796:13)
    at /Users/kelli/.nvm/versions/node/v0.12.7/lib/node_modules/nightwatch/node_modules/q/q.js:556:49
    at runSingle (/Users/kelli/.nvm/versions/node/v0.12.7/lib/node_modules/nightwatch/node_modules/q/q.js:137:13)
    at flush (/Users/kelli/.nvm/versions/node/v0.12.7/lib/node_modules/nightwatch/node_modules/q/q.js:125:13)
  Error while running [Selecthideonmobile / Step 1: page load]:

  TypeError: undefined is not a function
    at Object.opensitemapCommands.opensitemap (/Users/kelli/Sites/nightwatch/pages/opensitemap.js:8:10)
    at Object.module.exports.Step 1: page load (/Users/kelli/Sites/nightwatch/test/smoketests/selecthideonmobile.js:10:16)
    at Module.call (/Users/kelli/.nvm/versions/node/v0.12.7/lib/node_modules/nightwatch/lib/runner/module.js:62:34)
    at /Users/kelli/.nvm/versions/node/v0.12.7/lib/node_modules/nightwatch/lib/runner/testcase.js:70:29
    at _fulfilled (/Users/kelli/.nvm/versions/node/v0.12.7/lib/node_modules/nightwatch/node_modules/q/q.js:834:54)
    at self.promiseDispatch.done (/Users/kelli/.nvm/versions/node/v0.12.7/lib/node_modules/nightwatch/node_modules/q/q.js:863:30)
    at Promise.promise.promiseDispatch (/Users/kelli/.nvm/versions/node/v0.12.7/lib/node_modules/nightwatch/node_modules/q/q.js:796:13)
    at /Users/kelli/.nvm/versions/node/v0.12.7/lib/node_modules/nightwatch/node_modules/q/q.js:556:49
    at runSingle (/Users/kelli/.nvm/versions/node/v0.12.7/lib/node_modules/nightwatch/node_modules/q/q.js:137:13)
    at flush (/Users/kelli/.nvm/versions/node/v0.12.7/lib/node_modules/nightwatch/node_modules/q/q.js:125:13)
  Error while running [Selectstroke / Step 1: page load]:

  TypeError: undefined is not a function
    at Object.opensitemapCommands.opensitemap (/Users/kelli/Sites/nightwatch/pages/opensitemap.js:8:10)
    at Object.module.exports.Step 1: page load (/Users/kelli/Sites/nightwatch/test/smoketests/selectstroke.js:10:14)
    at Module.call (/Users/kelli/.nvm/versions/node/v0.12.7/lib/node_modules/nightwatch/lib/runner/module.js:62:34)
    at /Users/kelli/.nvm/versions/node/v0.12.7/lib/node_modules/nightwatch/lib/runner/testcase.js:70:29
    at _fulfilled (/Users/kelli/.nvm/versions/node/v0.12.7/lib/node_modules/nightwatch/node_modules/q/q.js:834:54)
    at self.promiseDispatch.done (/Users/kelli/.nvm/versions/node/v0.12.7/lib/node_modules/nightwatch/node_modules/q/q.js:863:30)
    at Promise.promise.promiseDispatch (/Users/kelli/.nvm/versions/node/v0.12.7/lib/node_modules/nightwatch/node_modules/q/q.js:796:13)
    at /Users/kelli/.nvm/versions/node/v0.12.7/lib/node_modules/nightwatch/node_modules/q/q.js:556:49
    at runSingle (/Users/kelli/.nvm/versions/node/v0.12.7/lib/node_modules/nightwatch/node_modules/q/q.js:137:13)
    at flush (/Users/kelli/.nvm/versions/node/v0.12.7/lib/node_modules/nightwatch/node_modules/q/q.js:125:13)
  Error while running [Selectstrokecolor / Step 1: page load]:

  TypeError: undefined is not a function
    at Object.opensitemapCommands.opensitemap (/Users/kelli/Sites/nightwatch/pages/opensitemap.js:8:10)
    at Object.module.exports.Step 1: page load (/Users/kelli/Sites/nightwatch/test/smoketests/selectstrokecolor.js:10:14)
    at Module.call (/Users/kelli/.nvm/versions/node/v0.12.7/lib/node_modules/nightwatch/lib/runner/module.js:62:34)
    at /Users/kelli/.nvm/versions/node/v0.12.7/lib/node_modules/nightwatch/lib/runner/testcase.js:70:29
    at _fulfilled (/Users/kelli/.nvm/versions/node/v0.12.7/lib/node_modules/nightwatch/node_modules/q/q.js:834:54)
    at self.promiseDispatch.done (/Users/kelli/.nvm/versions/node/v0.12.7/lib/node_modules/nightwatch/node_modules/q/q.js:863:30)
    at Promise.promise.promiseDispatch (/Users/kelli/.nvm/versions/node/v0.12.7/lib/node_modules/nightwatch/node_modules/q/q.js:796:13)
    at /Users/kelli/.nvm/versions/node/v0.12.7/lib/node_modules/nightwatch/node_modules/q/q.js:556:49
    at runSingle (/Users/kelli/.nvm/versions/node/v0.12.7/lib/node_modules/nightwatch/node_modules/q/q.js:137:13)
    at flush (/Users/kelli/.nvm/versions/node/v0.12.7/lib/node_modules/nightwatch/node_modules/q/q.js:125:13)
  Error while running [Selecttextcolor / Step 1: page load]:

  TypeError: undefined is not a function
    at Object.opensitemapCommands.opensitemap (/Users/kelli/Sites/nightwatch/pages/opensitemap.js:8:10)
    at Object.module.exports.Step 1: page load (/Users/kelli/Sites/nightwatch/test/smoketests/selecttextcolor.js:10:14)
    at Module.call (/Users/kelli/.nvm/versions/node/v0.12.7/lib/node_modules/nightwatch/lib/runner/module.js:62:34)
    at /Users/kelli/.nvm/versions/node/v0.12.7/lib/node_modules/nightwatch/lib/runner/testcase.js:70:29
    at _fulfilled (/Users/kelli/.nvm/versions/node/v0.12.7/lib/node_modules/nightwatch/node_modules/q/q.js:834:54)
    at self.promiseDispatch.done (/Users/kelli/.nvm/versions/node/v0.12.7/lib/node_modules/nightwatch/node_modules/q/q.js:863:30)
    at Promise.promise.promiseDispatch (/Users/kelli/.nvm/versions/node/v0.12.7/lib/node_modules/nightwatch/node_modules/q/q.js:796:13)
    at /Users/kelli/.nvm/versions/node/v0.12.7/lib/node_modules/nightwatch/node_modules/q/q.js:556:49
    at runSingle (/Users/kelli/.nvm/versions/node/v0.12.7/lib/node_modules/nightwatch/node_modules/q/q.js:137:13)
    at flush (/Users/kelli/.nvm/versions/node/v0.12.7/lib/node_modules/nightwatch/node_modules/q/q.js:125:13)
  Error while running [Selecttextolor / Step 1: page load]:

  TypeError: undefined is not a function
    at Object.opensitemapCommands.opensitemap (/Users/kelli/Sites/nightwatch/pages/opensitemap.js:8:10)
    at Object.module.exports.Step 1: page load (/Users/kelli/Sites/nightwatch/test/smoketests/selecttextolor.js:10:16)
    at Module.call (/Users/kelli/.nvm/versions/node/v0.12.7/lib/node_modules/nightwatch/lib/runner/module.js:62:34)
    at /Users/kelli/.nvm/versions/node/v0.12.7/lib/node_modules/nightwatch/lib/runner/testcase.js:70:29
    at _fulfilled (/Users/kelli/.nvm/versions/node/v0.12.7/lib/node_modules/nightwatch/node_modules/q/q.js:834:54)
    at self.promiseDispatch.done (/Users/kelli/.nvm/versions/node/v0.12.7/lib/node_modules/nightwatch/node_modules/q/q.js:863:30)
    at Promise.promise.promiseDispatch (/Users/kelli/.nvm/versions/node/v0.12.7/lib/node_modules/nightwatch/node_modules/q/q.js:796:13)
    at /Users/kelli/.nvm/versions/node/v0.12.7/lib/node_modules/nightwatch/node_modules/q/q.js:556:49
    at runSingle (/Users/kelli/.nvm/versions/node/v0.12.7/lib/node_modules/nightwatch/node_modules/q/q.js:137:13)
    at flush (/Users/kelli/.nvm/versions/node/v0.12.7/lib/node_modules/nightwatch/node_modules/q/q.js:125:13)
  Error while running [Sitemapsearch / Step 1: page load]:

  TypeError: undefined is not a function
    at Object.opensitemapCommands.opensitemap (/Users/kelli/Sites/nightwatch/pages/opensitemap.js:8:10)
    at Object.module.exports.Step 1: page load (/Users/kelli/Sites/nightwatch/test/smoketests/sitemapsearch.js:9:12)
    at Module.call (/Users/kelli/.nvm/versions/node/v0.12.7/lib/node_modules/nightwatch/lib/runner/module.js:62:34)
    at /Users/kelli/.nvm/versions/node/v0.12.7/lib/node_modules/nightwatch/lib/runner/testcase.js:70:29
    at _fulfilled (/Users/kelli/.nvm/versions/node/v0.12.7/lib/node_modules/nightwatch/node_modules/q/q.js:834:54)
    at self.promiseDispatch.done (/Users/kelli/.nvm/versions/node/v0.12.7/lib/node_modules/nightwatch/node_modules/q/q.js:863:30)
    at Promise.promise.promiseDispatch (/Users/kelli/.nvm/versions/node/v0.12.7/lib/node_modules/nightwatch/node_modules/q/q.js:796:13)
    at /Users/kelli/.nvm/versions/node/v0.12.7/lib/node_modules/nightwatch/node_modules/q/q.js:556:49
    at runSingle (/Users/kelli/.nvm/versions/node/v0.12.7/lib/node_modules/nightwatch/node_modules/q/q.js:137:13)
    at flush (/Users/kelli/.nvm/versions/node/v0.12.7/lib/node_modules/nightwatch/node_modules/q/q.js:125:13)
  Error while running [Textlayout / step 1: load page]:

  TypeError: undefined is not a function
    at Object.opensitemapCommands.opensitemap (/Users/kelli/Sites/nightwatch/pages/opensitemap.js:8:10)
    at Object.module.exports.step 1: load page (/Users/kelli/Sites/nightwatch/test/smoketests/textlayout.js:10:14)
    at Module.call (/Users/kelli/.nvm/versions/node/v0.12.7/lib/node_modules/nightwatch/lib/runner/module.js:62:34)
    at /Users/kelli/.nvm/versions/node/v0.12.7/lib/node_modules/nightwatch/lib/runner/testcase.js:70:29
    at _fulfilled (/Users/kelli/.nvm/versions/node/v0.12.7/lib/node_modules/nightwatch/node_modules/q/q.js:834:54)
    at self.promiseDispatch.done (/Users/kelli/.nvm/versions/node/v0.12.7/lib/node_modules/nightwatch/node_modules/q/q.js:863:30)
    at Promise.promise.promiseDispatch (/Users/kelli/.nvm/versions/node/v0.12.7/lib/node_modules/nightwatch/node_modules/q/q.js:796:13)
    at /Users/kelli/.nvm/versions/node/v0.12.7/lib/node_modules/nightwatch/node_modules/q/q.js:556:49
    at runSingle (/Users/kelli/.nvm/versions/node/v0.12.7/lib/node_modules/nightwatch/node_modules/q/q.js:137:13)
    at flush (/Users/kelli/.nvm/versions/node/v0.12.7/lib/node_modules/nightwatch/node_modules/q/q.js:125:13)
  Error while running [Undock:drag:dockcolorpanel / Step 1: page load]:

  TypeError: undefined is not a function
    at Object.opensitemapCommands.opensitemap (/Users/kelli/Sites/nightwatch/pages/opensitemap.js:8:10)
    at Object.module.exports.Step 1: page load (/Users/kelli/Sites/nightwatch/test/smoketests/undock:drag:dockcolorpanel.js:10:14)
    at Module.call (/Users/kelli/.nvm/versions/node/v0.12.7/lib/node_modules/nightwatch/lib/runner/module.js:62:34)
    at /Users/kelli/.nvm/versions/node/v0.12.7/lib/node_modules/nightwatch/lib/runner/testcase.js:70:29
    at _fulfilled (/Users/kelli/.nvm/versions/node/v0.12.7/lib/node_modules/nightwatch/node_modules/q/q.js:834:54)
    at self.promiseDispatch.done (/Users/kelli/.nvm/versions/node/v0.12.7/lib/node_modules/nightwatch/node_modules/q/q.js:863:30)
    at Promise.promise.promiseDispatch (/Users/kelli/.nvm/versions/node/v0.12.7/lib/node_modules/nightwatch/node_modules/q/q.js:796:13)
    at /Users/kelli/.nvm/versions/node/v0.12.7/lib/node_modules/nightwatch/node_modules/q/q.js:556:49
    at runSingle (/Users/kelli/.nvm/versions/node/v0.12.7/lib/node_modules/nightwatch/node_modules/q/q.js:137:13)
    at flush (/Users/kelli/.nvm/versions/node/v0.12.7/lib/node_modules/nightwatch/node_modules/q/q.js:125:13)
  Error while running [Undockcolorpanel / Step 1: page load]:

  TypeError: undefined is not a function
    at Object.opensitemapCommands.opensitemap (/Users/kelli/Sites/nightwatch/pages/opensitemap.js:8:10)
    at Object.module.exports.Step 1: page load (/Users/kelli/Sites/nightwatch/test/smoketests/undockcolorpanel.js:10:14)
    at Module.call (/Users/kelli/.nvm/versions/node/v0.12.7/lib/node_modules/nightwatch/lib/runner/module.js:62:34)
    at /Users/kelli/.nvm/versions/node/v0.12.7/lib/node_modules/nightwatch/lib/runner/testcase.js:70:29
    at _fulfilled (/Users/kelli/.nvm/versions/node/v0.12.7/lib/node_modules/nightwatch/node_modules/q/q.js:834:54)
    at self.promiseDispatch.done (/Users/kelli/.nvm/versions/node/v0.12.7/lib/node_modules/nightwatch/node_modules/q/q.js:863:30)
    at Promise.promise.promiseDispatch (/Users/kelli/.nvm/versions/node/v0.12.7/lib/node_modules/nightwatch/node_modules/q/q.js:796:13)
    at /Users/kelli/.nvm/versions/node/v0.12.7/lib/node_modules/nightwatch/node_modules/q/q.js:556:49
    at runSingle (/Users/kelli/.nvm/versions/node/v0.12.7/lib/node_modules/nightwatch/node_modules/q/q.js:137:13)
    at flush (/Users/kelli/.nvm/versions/node/v0.12.7/lib/node_modules/nightwatch/node_modules/q/q.js:125:13)
      </system-err>
  
  
  </testsuite>
</testsuites>
