<?xml version="1.0" encoding="UTF-8" ?>
<testsuites errors="5"
            failures="4"
            tests="6">

  <testsuite name="filters.brightnessinput"
    errors="5" failures="4" hostname="" id="" package="filters.brightnessinput" skipped="0"
    tests="6" time="53.52" timestamp="Thu, 20 Oct 2016 17:15:46 GMT">
  
    <testcase name="Step 1: page load" time="16.59" assertions="6">

    

    

    

    

    

    
    </testcase>
  
    <testcase name="Step 2: open filters panel and select brightness" time="11.12" assertions="5">

    

    

    

    

    
    </testcase>
  
    <testcase name="Step 3: enter brightness via setvalue function" time="6.282" assertions="4">

      <failure message="Testing if value of &lt;.ui-wrapper[title=&quot;Brightness&quot;] input[type=text]&gt; contains: &quot;25&quot;.">    at Object.module.exports.Step 3: enter brightness via setvalue function (/Users/kelli/Sites/nightwatch/test/filterspanel/filters.brightnessinput.js:41:17)
    at _combinedTickCallback (internal/process/next_tick.js:67:7)
    at process._tickCallback (internal/process/next_tick.js:98:9)</failure>

      <failure message="Testing if element &lt;.focused.component-wrapper.bc-text-wrapper&gt; has css property -webkit-filter. Element or attribute could not be located.">    at Object.module.exports.Step 3: enter brightness via setvalue function (/Users/kelli/Sites/nightwatch/test/filterspanel/filters.brightnessinput.js:45:18)
    at _combinedTickCallback (internal/process/next_tick.js:67:7)
    at process._tickCallback (internal/process/next_tick.js:98:9)</failure>

    

    
    </testcase>
  
    <testcase name="Step 4: enter brightness via keystoke" time="4.284" assertions="4">

      <failure message="Testing if value of &lt;.ui-wrapper[title=&quot;Brightness&quot;] input[type=text]&gt; contains: &quot;25&quot;.">    at Object.module.exports.Step 4: enter brightness via keystoke (/Users/kelli/Sites/nightwatch/test/filterspanel/filters.brightnessinput.js:57:17)
    at _combinedTickCallback (internal/process/next_tick.js:67:7)
    at process._tickCallback (internal/process/next_tick.js:98:9)</failure>

      <failure message="Testing if element &lt;.focused.component-wrapper.bc-text-wrapper&gt; has css property -webkit-filter. Element or attribute could not be located.">    at Object.module.exports.Step 4: enter brightness via keystoke (/Users/kelli/Sites/nightwatch/test/filterspanel/filters.brightnessinput.js:61:18)
    at _combinedTickCallback (internal/process/next_tick.js:67:7)
    at process._tickCallback (internal/process/next_tick.js:98:9)</failure>

    

    
    </testcase>
  
    <testcase name="Step 5: enter incrementally inscrease/decrease brightness via up/down arrow" time="8.473" assertions="7">

      <failure message="Testing if value of &lt;.ui-wrapper[title=&quot;Brightness&quot;] input[type=text]&gt; contains: &quot;35&quot;.">    at Object.module.exports.Step 5: enter incrementally inscrease/decrease brightness via up/down arrow (/Users/kelli/Sites/nightwatch/test/filterspanel/filters.brightnessinput.js:80:17)
    at _combinedTickCallback (internal/process/next_tick.js:67:7)
    at process._tickCallback (internal/process/next_tick.js:98:9)</failure>

      <failure message="Testing if element &lt;.focused.component-wrapper.bc-text-wrapper&gt; has css property -webkit-filter. Element or attribute could not be located.">    at Object.module.exports.Step 5: enter incrementally inscrease/decrease brightness via up/down arrow (/Users/kelli/Sites/nightwatch/test/filterspanel/filters.brightnessinput.js:85:18)
    at _combinedTickCallback (internal/process/next_tick.js:67:7)
    at process._tickCallback (internal/process/next_tick.js:98:9)</failure>

      <failure message="Testing if value of &lt;.ui-wrapper[title=&quot;Brightness&quot;] input[type=text]&gt; contains: &quot;30&quot;.">    at Object.module.exports.Step 5: enter incrementally inscrease/decrease brightness via up/down arrow (/Users/kelli/Sites/nightwatch/test/filterspanel/filters.brightnessinput.js:89:17)
    at _combinedTickCallback (internal/process/next_tick.js:67:7)
    at process._tickCallback (internal/process/next_tick.js:98:9)</failure>

    

    

      <failure message="Testing if element &lt;.focused.component-wrapper.bc-text-wrapper&gt; has css property -webkit-filter. Element or attribute could not be located.">    at Object.module.exports.Step 5: enter incrementally inscrease/decrease brightness via up/down arrow (/Users/kelli/Sites/nightwatch/test/filterspanel/filters.brightnessinput.js:97:18)
    at _combinedTickCallback (internal/process/next_tick.js:67:7)
    at process._tickCallback (internal/process/next_tick.js:98:9)</failure>

    
    </testcase>
  
    <testcase name="Step 6: clear filters and close panel" time="6.778" assertions="6">

    

    

    

    

      <failure message="Testing if element &lt;.focused.component-wrapper.bc-text-wrapper&gt; has css property -webkit-filter. Element or attribute could not be located.">    at Object.module.exports.Step 6: clear filters and close panel (/Users/kelli/Sites/nightwatch/test/filterspanel/filters.brightnessinput.js:114:21)
    at _combinedTickCallback (internal/process/next_tick.js:67:7)
    at process._tickCallback (internal/process/next_tick.js:98:9)</failure>

    
    </testcase>
  
  
  </testsuite>
</testsuites>
