<?xml version="1.0" encoding="UTF-8" ?>
<testsuites errors="0"
            failures="2"
            tests="4">

  <testsuite name="filters.invertslider"
    errors="0" failures="2" hostname="" id="" package="filters.invertslider" skipped="0"
    tests="4" time="26.33" timestamp="Fri, 21 Oct 2016 17:17:05 GMT">
  
    <testcase name="Step 1: page load" time="15.27" assertions="6">

    

    

    

    

    

    
    </testcase>
  
    <testcase name="Step 2: open filters panel and select invert" time="6.292" assertions="5">

    

    

    

    

    
    </testcase>
  
    <testcase name="Step 3: select invert via slider" time="2.978" assertions="3">  <failure message="Testing if element &lt;.component-wrapper.bc-text-wrapper&gt; has css property &quot;-webkit-filter: invert(0.08)&quot;.">    at Object.module.exports.Step 3: select invert via slider (/Users/kelli/Sites/nightwatch/test/filterspanel/filters.invertslider.js:39:19)
    at _combinedTickCallback (internal/process/next_tick.js:67:7)
    at process._tickCallback (internal/process/next_tick.js:98:9)</failure>

    

      <failure message="Testing if element &lt;.component-wrapper.bc-text-wrapper&gt; has css property &quot;-webkit-filter: invert(0.83)&quot;.">    at Object.module.exports.Step 3: select invert via slider (/Users/kelli/Sites/nightwatch/test/filterspanel/filters.invertslider.js:52:19)
    at _combinedTickCallback (internal/process/next_tick.js:67:7)
    at process._tickCallback (internal/process/next_tick.js:98:9)</failure>

    
    </testcase>
  
    <testcase name="Step 6: clear filters and close panel" time="1.782" assertions="4">

      <failure message="Testing if element &lt;.focused.component-wrapper.bc-text-wrapper&gt; has css property &quot;-webkit-filter: none&quot;.">    at Object.module.exports.Step 6: clear filters and close panel (/Users/kelli/Sites/nightwatch/test/filterspanel/filters.invertslider.js:63:21)
    at _combinedTickCallback (internal/process/next_tick.js:67:7)
    at process._tickCallback (internal/process/next_tick.js:98:9)</failure>

    

    

    
    </testcase>
  
  
  </testsuite>
</testsuites>
