<?xml version="1.0" encoding="UTF-8" ?>
<testsuites errors="0"
            failures="1"
            tests="5">

  <testsuite name="filters.saturateinput"
    errors="0" failures="1" hostname="" id="" package="filters.saturateinput" skipped="2"
    tests="5" time="27.95" timestamp="Fri, 14 Oct 2016 16:46:43 GMT">
  
    <testcase name="Step 1: page load" time="23.07" assertions="6">

    

    

    

    

    

    
    </testcase>
  
    <testcase name="Step 2: open filters panel and select saturate" time="4.062" assertions="5">

    

    

    

    

    
    </testcase>
  
    <testcase name="Step 3: enter saturate via setvalue function" time="0.8140" assertions="3">

      <failure message="Testing if value of &lt;.ui-wrapper[title=&quot;Saturate&quot;] input[type=text]&gt; contains: &quot;25&quot;.">    at Object.module.exports.Step 3: enter saturate via setvalue function (/Users/kelli/Sites/nightwatch/test/filterspanel/filters.saturateinput.js:38:17)
    at _combinedTickCallback (internal/process/next_tick.js:67:7)
    at process._tickCallback (internal/process/next_tick.js:98:9)</failure>

      <failure message="Testing if element &lt;.focused.component-wrapper.bc-text-wrapper&gt; has css property &quot;-webkit-filter: saturate(0.25)&quot;.">    at Object.module.exports.Step 3: enter saturate via setvalue function (/Users/kelli/Sites/nightwatch/test/filterspanel/filters.saturateinput.js:41:18)
    at _combinedTickCallback (internal/process/next_tick.js:67:7)
    at process._tickCallback (internal/process/next_tick.js:98:9)</failure>

    
    </testcase>
  
  
    
    <testcase
      name="Step 4: enter saturate via keystoke">
      <skipped />
    </testcase>
    
    <testcase
      name="Step 5: enter incrementally inscrease/decrease saturate via up/down arrow">
      <skipped />
    </testcase>
    
  
  </testsuite>
</testsuites>
