<?xml version="1.0" encoding="UTF-8" ?>
<testsuites errors="0"
            failures="1"
            tests="4">

  <testsuite name="filters.grayscaleslider"
    errors="0" failures="1" hostname="" id="" package="filters.grayscaleslider" skipped="0"
    tests="4" time="32.00" timestamp="Thu, 20 Oct 2016 18:53:42 GMT">
  
    <testcase name="Step 1: page load" time="19.48" assertions="6">

    

    

    

    

    

    
    </testcase>
  
    <testcase name="Step 2: open filters panel and select grayscale" time="4.631" assertions="5">

    

    

    

    

    
    </testcase>
  
    <testcase name="Step 3: select grayscale via slider" time="5.317" assertions="5">  <failure message="Testing if element &lt;.component-wrapper.bc-text-wrapper&gt; has css property &quot;-webkit-filter: grayscale(0.08)&quot;.">    at Object.module.exports.Step 3: select grayscale via slider (/Users/kelli/Sites/nightwatch/test/filterspanel/filters.grayscaleslider.js:40:19)
    at _combinedTickCallback (internal/process/next_tick.js:67:7)
    at process._tickCallback (internal/process/next_tick.js:98:9)</failure>

    

      <failure message="Testing if element &lt;.component-wrapper.bc-text-wrapper&gt; has css property &quot;-webkit-filter: grayscale(0.83)&quot;.">    at Object.module.exports.Step 3: select grayscale via slider (/Users/kelli/Sites/nightwatch/test/filterspanel/filters.grayscaleslider.js:55:19)
    at _combinedTickCallback (internal/process/next_tick.js:67:7)
    at process._tickCallback (internal/process/next_tick.js:98:9)</failure>

    

    

    
    </testcase>
  
    <testcase name="Step 4: clear filters and close panel" time="2.570" assertions="6">

    

    

    

    

    

    
    </testcase>
  
  
  </testsuite>
</testsuites>
