<?xml version="1.0" encoding="UTF-8" ?>
<testsuites errors="0"
            failures="1"
            tests="5">

  <testsuite name="filters.opacityinput"
    errors="0" failures="1" hostname="" id="" package="filters.opacityinput" skipped="0"
    tests="5" time="14.37" timestamp="Mon, 03 Oct 2016 21:12:39 GMT">
  
    <testcase name="Step 1: page load" time="8.573" assertions="6">

    

    

    

    

    

    
    </testcase>
  
    <testcase name="Step 2: open filters panel and select opacity" time="3.090" assertions="5">

    

    

    

    

    
    </testcase>
  
    <testcase name="Step 3: enter opacity via setvalue function" time="0.7180" assertions="4">

    

    

    

    
    </testcase>
  
    <testcase name="Step 4: enter opacity via keystoke" time="1.015" assertions="4">

    

    

    

    
    </testcase>
  
    <testcase name="Step 5: enter incrementally inscrease/decrease opacity via up/down arrow" time="0.9740" assertions="4">

      <failure message="Testing if value of &lt;.ui-wrapper[title=&quot;Opacity&quot;] input[type=text]&gt; contains: &quot;27&quot;.">    at Object.module.exports.Step 5: enter incrementally inscrease/decrease opacity via up/down arrow (/Users/kelli/Sites/nightwatch/test/filterspanel/filters.opacityinput.js:81:17)</failure>

      <failure message="Testing if value of &lt;.ui-wrapper[title=&quot;Opacity&quot;] input[type=text]&gt; contains: &quot;26&quot;.">    at Object.module.exports.Step 5: enter incrementally inscrease/decrease opacity via up/down arrow (/Users/kelli/Sites/nightwatch/test/filterspanel/filters.opacityinput.js:85:17)</failure>

      <failure message="Testing if element &lt;.focused.component-wrapper.bc-text-wrapper&gt; has css property &quot;-webkit-filter: opacity(0.26)&quot;.">    at Object.module.exports.Step 5: enter incrementally inscrease/decrease opacity via up/down arrow (/Users/kelli/Sites/nightwatch/test/filterspanel/filters.opacityinput.js:88:18)</failure>

    
    </testcase>
  
  
  </testsuite>
</testsuites>
