<?xml version="1.0" encoding="UTF-8" ?>
<testsuites errors="1"
            failures="1"
            tests="2">

  <testsuite name="newwebsitename"
    errors="1" failures="1" hostname="" id="" package="newwebsitename" skipped="0"
    tests="2" time="6.137" timestamp="Wed, 21 Sep 2016 00:07:30 GMT">
  
    <testcase name="step 1: load page" time="4.293" assertions="1">

    
    </testcase>
      <system-err>
        ERROR: Unable to locate element: &quot;.text-input [name=&quot;websiteName&quot;]&quot; using: css selector
    at Object.click (/Users/kelli/.nvm/versions/node/v0.12.7/lib/node_modules/nightwatch/lib/page-object/command-wrapper.js:103:25)
    at Object.newwebsitenameinputCommands.newwebsitenameinput (/Users/kelli/Sites/nightwatch/pages/newwebsitenameinput.js:4:9)
    at Object.module.exports.step 2: select &quot;new website&quot; button (/Users/kelli/Sites/nightwatch/test/newwebsite/newwebsitename.js:17:14)
    at Module.call (/Users/kelli/.nvm/versions/node/v0.12.7/lib/node_modules/nightwatch/lib/runner/module.js:62:34)
    at /Users/kelli/.nvm/versions/node/v0.12.7/lib/node_modules/nightwatch/lib/runner/testcase.js:70:29
    at _fulfilled (/Users/kelli/.nvm/versions/node/v0.12.7/lib/node_modules/nightwatch/node_modules/q/q.js:834:54)
    at self.promiseDispatch.done (/Users/kelli/.nvm/versions/node/v0.12.7/lib/node_modules/nightwatch/node_modules/q/q.js:863:30)
    at Promise.promise.promiseDispatch (/Users/kelli/.nvm/versions/node/v0.12.7/lib/node_modules/nightwatch/node_modules/q/q.js:796:13)
    at /Users/kelli/.nvm/versions/node/v0.12.7/lib/node_modules/nightwatch/node_modules/q/q.js:556:49
    at runSingle (/Users/kelli/.nvm/versions/node/v0.12.7/lib/node_modules/nightwatch/node_modules/q/q.js:137:13)
      </system-err>
  
    <testcase name="step 2: select &quot;new website&quot; button" time="1.844" assertions="3">

      <failure message="Testing if element &lt;.text-input [name=&quot;websiteName&quot;]&gt; is present.">    at Object.newwebsitenameinputCommands.newwebsitenameinput (/Users/kelli/Sites/nightwatch/pages/newwebsitenameinput.js:3:17)
    at Object.module.exports.step 2: select &quot;new website&quot; button (/Users/kelli/Sites/nightwatch/test/newwebsite/newwebsitename.js:17:14)</failure>

      <failure message="Expected element &lt;.text-input [name=&quot;websiteName&quot;]&gt; to be selected - element was not found">    at Object.newwebsitenameinputCommands.newwebsitenameinput (/Users/kelli/Sites/nightwatch/pages/newwebsitenameinput.js:5:17)
    at Object.module.exports.step 2: select &quot;new website&quot; button (/Users/kelli/Sites/nightwatch/test/newwebsite/newwebsitename.js:17:14)</failure>

    
    </testcase>
      <system-err>
        ERROR: Unable to locate element: &quot;.text-input [name=&quot;websiteName&quot;]&quot; using: css selector
    at Object.click (/Users/kelli/.nvm/versions/node/v0.12.7/lib/node_modules/nightwatch/lib/page-object/command-wrapper.js:103:25)
    at Object.newwebsitenameinputCommands.newwebsitenameinput (/Users/kelli/Sites/nightwatch/pages/newwebsitenameinput.js:4:9)
    at Object.module.exports.step 2: select &quot;new website&quot; button (/Users/kelli/Sites/nightwatch/test/newwebsite/newwebsitename.js:17:14)
    at Module.call (/Users/kelli/.nvm/versions/node/v0.12.7/lib/node_modules/nightwatch/lib/runner/module.js:62:34)
    at /Users/kelli/.nvm/versions/node/v0.12.7/lib/node_modules/nightwatch/lib/runner/testcase.js:70:29
    at _fulfilled (/Users/kelli/.nvm/versions/node/v0.12.7/lib/node_modules/nightwatch/node_modules/q/q.js:834:54)
    at self.promiseDispatch.done (/Users/kelli/.nvm/versions/node/v0.12.7/lib/node_modules/nightwatch/node_modules/q/q.js:863:30)
    at Promise.promise.promiseDispatch (/Users/kelli/.nvm/versions/node/v0.12.7/lib/node_modules/nightwatch/node_modules/q/q.js:796:13)
    at /Users/kelli/.nvm/versions/node/v0.12.7/lib/node_modules/nightwatch/node_modules/q/q.js:556:49
    at runSingle (/Users/kelli/.nvm/versions/node/v0.12.7/lib/node_modules/nightwatch/node_modules/q/q.js:137:13)
      </system-err>
  
  
  </testsuite>
</testsuites>
