<?xml version="1.0" encoding="UTF-8" ?>
<testsuites errors="1"
            failures="1"
            tests="4">

  <testsuite name="viewallhiddenelements"
    errors="1" failures="1" hostname="" id="" package="viewallhiddenelements" skipped="0"
    tests="4" time="21.37" timestamp="Mon, 12 Sep 2016 23:55:13 GMT">
  
    <testcase name="Step 1: page load" time="13.07" assertions="5">

    

    

    

    

    
    </testcase>
      <system-err>
        ERROR: Unable to locate element: &quot;.root show-mq-hidden outline-view&quot; using: css selector
    at command (/Users/kelli/.nvm/versions/node/v0.12.7/lib/node_modules/nightwatch/lib/api/assertions/cssClassPresent.js:47:21)
    at module.exports.BaseAssertion._scheduleAssertion (/Users/kelli/.nvm/versions/node/v0.12.7/lib/node_modules/nightwatch/lib/core/assertion.js:87:17)
    at module.exports.BaseAssertion._executeCommand (/Users/kelli/.nvm/versions/node/v0.12.7/lib/node_modules/nightwatch/lib/core/assertion.js:82:17)
    at AssertionInstance.commandFn [as _commandFn] (/Users/kelli/.nvm/versions/node/v0.12.7/lib/node_modules/nightwatch/lib/core/assertion.js:180:21)
    at AsyncTree.runCommand (/Users/kelli/.nvm/versions/node/v0.12.7/lib/node_modules/nightwatch/lib/core/queue.js:154:30)
    at AsyncTree.runChildNode (/Users/kelli/.nvm/versions/node/v0.12.7/lib/node_modules/nightwatch/lib/core/queue.js:114:8)
    at AsyncTree.walkDown (/Users/kelli/.nvm/versions/node/v0.12.7/lib/node_modules/nightwatch/lib/core/queue.js:80:10)
    at AsyncTree.walkUp (/Users/kelli/.nvm/versions/node/v0.12.7/lib/node_modules/nightwatch/lib/core/queue.js:97:8)
    at AsyncTree.walkDown (/Users/kelli/.nvm/versions/node/v0.12.7/lib/node_modules/nightwatch/lib/core/queue.js:90:12)
    at AsyncTree.traverse (/Users/kelli/.nvm/versions/node/v0.12.7/lib/node_modules/nightwatch/lib/core/queue.js:73:8)
      </system-err>
  
    <testcase name="Step 2: select hide on all devices" time="4.864" assertions="11">

    

    

    

    

    

    

    

    

    

    

    
    </testcase>
      <system-err>
        ERROR: Unable to locate element: &quot;.root show-mq-hidden outline-view&quot; using: css selector
    at command (/Users/kelli/.nvm/versions/node/v0.12.7/lib/node_modules/nightwatch/lib/api/assertions/cssClassPresent.js:47:21)
    at module.exports.BaseAssertion._scheduleAssertion (/Users/kelli/.nvm/versions/node/v0.12.7/lib/node_modules/nightwatch/lib/core/assertion.js:87:17)
    at module.exports.BaseAssertion._executeCommand (/Users/kelli/.nvm/versions/node/v0.12.7/lib/node_modules/nightwatch/lib/core/assertion.js:82:17)
    at AssertionInstance.commandFn [as _commandFn] (/Users/kelli/.nvm/versions/node/v0.12.7/lib/node_modules/nightwatch/lib/core/assertion.js:180:21)
    at AsyncTree.runCommand (/Users/kelli/.nvm/versions/node/v0.12.7/lib/node_modules/nightwatch/lib/core/queue.js:154:30)
    at AsyncTree.runChildNode (/Users/kelli/.nvm/versions/node/v0.12.7/lib/node_modules/nightwatch/lib/core/queue.js:114:8)
    at AsyncTree.walkDown (/Users/kelli/.nvm/versions/node/v0.12.7/lib/node_modules/nightwatch/lib/core/queue.js:80:10)
    at AsyncTree.walkUp (/Users/kelli/.nvm/versions/node/v0.12.7/lib/node_modules/nightwatch/lib/core/queue.js:97:8)
    at AsyncTree.walkDown (/Users/kelli/.nvm/versions/node/v0.12.7/lib/node_modules/nightwatch/lib/core/queue.js:90:12)
    at AsyncTree.traverse (/Users/kelli/.nvm/versions/node/v0.12.7/lib/node_modules/nightwatch/lib/core/queue.js:73:8)
      </system-err>
  
    <testcase name="Step 3: verify text component is hidden on all devices" time="0.04800" assertions="1">

    
    </testcase>
      <system-err>
        ERROR: Unable to locate element: &quot;.root show-mq-hidden outline-view&quot; using: css selector
    at command (/Users/kelli/.nvm/versions/node/v0.12.7/lib/node_modules/nightwatch/lib/api/assertions/cssClassPresent.js:47:21)
    at module.exports.BaseAssertion._scheduleAssertion (/Users/kelli/.nvm/versions/node/v0.12.7/lib/node_modules/nightwatch/lib/core/assertion.js:87:17)
    at module.exports.BaseAssertion._executeCommand (/Users/kelli/.nvm/versions/node/v0.12.7/lib/node_modules/nightwatch/lib/core/assertion.js:82:17)
    at AssertionInstance.commandFn [as _commandFn] (/Users/kelli/.nvm/versions/node/v0.12.7/lib/node_modules/nightwatch/lib/core/assertion.js:180:21)
    at AsyncTree.runCommand (/Users/kelli/.nvm/versions/node/v0.12.7/lib/node_modules/nightwatch/lib/core/queue.js:154:30)
    at AsyncTree.runChildNode (/Users/kelli/.nvm/versions/node/v0.12.7/lib/node_modules/nightwatch/lib/core/queue.js:114:8)
    at AsyncTree.walkDown (/Users/kelli/.nvm/versions/node/v0.12.7/lib/node_modules/nightwatch/lib/core/queue.js:80:10)
    at AsyncTree.walkUp (/Users/kelli/.nvm/versions/node/v0.12.7/lib/node_modules/nightwatch/lib/core/queue.js:97:8)
    at AsyncTree.walkDown (/Users/kelli/.nvm/versions/node/v0.12.7/lib/node_modules/nightwatch/lib/core/queue.js:90:12)
    at AsyncTree.traverse (/Users/kelli/.nvm/versions/node/v0.12.7/lib/node_modules/nightwatch/lib/core/queue.js:73:8)
      </system-err>
  
    <testcase name="Step 4: verify &quot;view all elements&quot; button is selected" time="3.384" assertions="3">

      <failure message="Testing if element &lt;.ui-wrapper.auto-width.current [title=&quot;View All Hidden Elements&quot;]&gt; is present.">    at Object.viewallhiddenelementsbtnCommands.viewallhiddenelementsbtn (/Users/kelli/Sites/nightwatch/pages/viewallhiddenelementsbtn.js:5:20)
    at Object.module.exports.Step 4: verify &quot;view all elements&quot; button is selected (/Users/kelli/Sites/nightwatch/test/showhidepanel/viewallhiddenelements.js:46:16)</failure>

      <failure message="Testing if element &lt;.root show-mq-hidden outline-view&gt; has css class: &quot;.root.show-mq-hidden.outline-view&quot;. Element could not be located.">    at Object.module.exports.Step 4: verify &quot;view all elements&quot; button is selected (/Users/kelli/Sites/nightwatch/test/showhidepanel/viewallhiddenelements.js:49:26)</failure>

    
    </testcase>
      <system-err>
        ERROR: Unable to locate element: &quot;.root show-mq-hidden outline-view&quot; using: css selector
    at command (/Users/kelli/.nvm/versions/node/v0.12.7/lib/node_modules/nightwatch/lib/api/assertions/cssClassPresent.js:47:21)
    at module.exports.BaseAssertion._scheduleAssertion (/Users/kelli/.nvm/versions/node/v0.12.7/lib/node_modules/nightwatch/lib/core/assertion.js:87:17)
    at module.exports.BaseAssertion._executeCommand (/Users/kelli/.nvm/versions/node/v0.12.7/lib/node_modules/nightwatch/lib/core/assertion.js:82:17)
    at AssertionInstance.commandFn [as _commandFn] (/Users/kelli/.nvm/versions/node/v0.12.7/lib/node_modules/nightwatch/lib/core/assertion.js:180:21)
    at AsyncTree.runCommand (/Users/kelli/.nvm/versions/node/v0.12.7/lib/node_modules/nightwatch/lib/core/queue.js:154:30)
    at AsyncTree.runChildNode (/Users/kelli/.nvm/versions/node/v0.12.7/lib/node_modules/nightwatch/lib/core/queue.js:114:8)
    at AsyncTree.walkDown (/Users/kelli/.nvm/versions/node/v0.12.7/lib/node_modules/nightwatch/lib/core/queue.js:80:10)
    at AsyncTree.walkUp (/Users/kelli/.nvm/versions/node/v0.12.7/lib/node_modules/nightwatch/lib/core/queue.js:97:8)
    at AsyncTree.walkDown (/Users/kelli/.nvm/versions/node/v0.12.7/lib/node_modules/nightwatch/lib/core/queue.js:90:12)
    at AsyncTree.traverse (/Users/kelli/.nvm/versions/node/v0.12.7/lib/node_modules/nightwatch/lib/core/queue.js:73:8)
      </system-err>
  
  
  </testsuite>
</testsuites>
