<?xml version="1.0" encoding="UTF-8" ?>
<testsuites errors="4"
            failures="5"
            tests="7">

  <testsuite name="filters.blurdropdown"
    errors="4" failures="5" hostname="" id="" package="filters.blurdropdown" skipped="0"
    tests="7" time="50.09" timestamp="Thu, 20 Oct 2016 17:14:05 GMT">
  
    <testcase name="Step 1: page load" time="20.19" assertions="6">

    

    

    

    

    

    
    </testcase>
  
    <testcase name="Step 2: open filters panel and select blur" time="4.586" assertions="3">

    

    

    
    </testcase>
  
    <testcase name="Step 3: select blur 0px via drop-down-menu" time="5.158" assertions="5">

      <failure message="Testing if value of &lt;[title=&quot;Blur&quot;] input[type=text]&gt; contains: &quot;0px&quot;.">    at Object.module.exports.Step 3: select blur 0px via drop-down-menu (/Users/kelli/Sites/nightwatch/test/filterspanel/filters.blurdropdown.js:34:18)
    at _combinedTickCallback (internal/process/next_tick.js:67:7)
    at process._tickCallback (internal/process/next_tick.js:98:9)</failure>

      <failure message="Testing if element &lt;.focused.component-wrapper.bc-text-wrapper&gt; has css property -webkit-filter. Element or attribute could not be located.">    at Object.module.exports.Step 3: select blur 0px via drop-down-menu (/Users/kelli/Sites/nightwatch/test/filterspanel/filters.blurdropdown.js:37:21)
    at _combinedTickCallback (internal/process/next_tick.js:67:7)
    at process._tickCallback (internal/process/next_tick.js:98:9)</failure>

    

    

    
    </testcase>
  
    <testcase name="Step 4: select blur 5px via drop-down-menu" time="5.152" assertions="8">

    

    

    

      <failure message="Testing if value of &lt;[title=&quot;Blur&quot;] input[type=text]&gt; contains: &quot;5px&quot;.">    at Object.module.exports.Step 4: select blur 5px via drop-down-menu (/Users/kelli/Sites/nightwatch/test/filterspanel/filters.blurdropdown.js:54:17)
    at _combinedTickCallback (internal/process/next_tick.js:67:7)
    at process._tickCallback (internal/process/next_tick.js:98:9)</failure>

      <failure message="Testing if element &lt;.focused.component-wrapper.bc-text-wrapper&gt; has css property -webkit-filter. Element or attribute could not be located.">    at Object.module.exports.Step 4: select blur 5px via drop-down-menu (/Users/kelli/Sites/nightwatch/test/filterspanel/filters.blurdropdown.js:57:18)
    at _combinedTickCallback (internal/process/next_tick.js:67:7)
    at process._tickCallback (internal/process/next_tick.js:98:9)</failure>

    

    

    
    </testcase>
  
    <testcase name="Step 5: select blur 10px via drop-down-menu" time="3.030" assertions="7">

    

    

      <failure message="Testing if value of &lt;[title=&quot;Blur&quot;] input[type=text]&gt; contains: &quot;10px&quot;.">    at Object.module.exports.Step 5: select blur 10px via drop-down-menu (/Users/kelli/Sites/nightwatch/test/filterspanel/filters.blurdropdown.js:72:18)
    at _combinedTickCallback (internal/process/next_tick.js:67:7)
    at process._tickCallback (internal/process/next_tick.js:98:9)</failure>

      <failure message="Testing if element &lt;.component-wrapper.bc-text-wrapper&gt; has css property &quot;-webkit-filter: blur(10px)&quot;.">    at Object.module.exports.Step 5: select blur 10px via drop-down-menu (/Users/kelli/Sites/nightwatch/test/filterspanel/filters.blurdropdown.js:75:21)
    at _combinedTickCallback (internal/process/next_tick.js:67:7)
    at process._tickCallback (internal/process/next_tick.js:98:9)</failure>

    

    

    
    </testcase>
  
    <testcase name="Step 6: select blur 20px via drop-down-menu" time="5.575" assertions="7">

    

    

      <failure message="Testing if value of &lt;[title=&quot;Blur&quot;] input[type=text]&gt; contains: &quot;20px&quot;.">    at Object.module.exports.Step 6: select blur 20px via drop-down-menu (/Users/kelli/Sites/nightwatch/test/filterspanel/filters.blurdropdown.js:89:18)
    at _combinedTickCallback (internal/process/next_tick.js:67:7)
    at process._tickCallback (internal/process/next_tick.js:98:9)</failure>

      <failure message="Testing if element &lt;.focused.component-wrapper.bc-text-wrapper&gt; has css property -webkit-filter. Element or attribute could not be located.">    at Object.module.exports.Step 6: select blur 20px via drop-down-menu (/Users/kelli/Sites/nightwatch/test/filterspanel/filters.blurdropdown.js:93:21)
    at _combinedTickCallback (internal/process/next_tick.js:67:7)
    at process._tickCallback (internal/process/next_tick.js:98:9)</failure>

    

    

    
    </testcase>
  
    <testcase name="Step 7: clear filters" time="6.394" assertions="6">

    

    

      <failure message="Testing if element &lt;.focused.component-wrapper.bc-text-wrapper&gt; has css property -webkit-filter. Element or attribute could not be located.">    at Object.module.exports.Step 7: clear filters (/Users/kelli/Sites/nightwatch/test/filterspanel/filters.blurdropdown.js:110:21)
    at _combinedTickCallback (internal/process/next_tick.js:67:7)
    at process._tickCallback (internal/process/next_tick.js:98:9)</failure>

    

    

    
    </testcase>
  
  
  </testsuite>
</testsuites>
