<?xml version="1.0" encoding="UTF-8" ?>
<testsuites errors="0"
            failures="1"
            tests="4">

  <testsuite name="filters.grayscaleslider"
    errors="0" failures="1" hostname="" id="" package="filters.grayscaleslider" skipped="0"
    tests="4" time="13.19" timestamp="Mon, 03 Oct 2016 21:49:36 GMT">
  
    <testcase name="Step 1: page load" time="8.593" assertions="6">

    

    

    

    

    

    
    </testcase>
  
    <testcase name="Step 2: open filters panel and select grayscale" time="2.796" assertions="5">

    

    

    

    

    
    </testcase>
  
    <testcase name="Step 3: select grayscale via slider" time="1.416" assertions="3">

      <failure message="Testing if element &lt;.component-wrapper.bc-text-wrapper&gt; has css property &quot;-webkit-filter: grayscale(0.21)&quot;.">    at Object.module.exports.Step 3: select grayscale via slider (/Users/kelli/Sites/nightwatch/test/filterspanel/filters.grayscaleslider.js:47:19)</failure>

      <failure message="Testing if element &lt;.component-wrapper.bc-text-wrapper&gt; has css property &quot;-webkit-filter: grayscale(0.86)&quot;.">    at Object.module.exports.Step 3: select grayscale via slider (/Users/kelli/Sites/nightwatch/test/filterspanel/filters.grayscaleslider.js:54:19)</failure>

    
    </testcase>
  
    <testcase name="Step 4: verify grayscale is applied" time="0.3850" assertions="2">

    

    
    </testcase>
  
  
  </testsuite>
</testsuites>
