<?xml version="1.0" encoding="UTF-8" ?>
<testsuites errors="5"
            failures="4"
            tests="6">

  <testsuite name="filters.invertinput"
    errors="5" failures="4" hostname="" id="" package="filters.invertinput" skipped="0"
    tests="6" time="47.47" timestamp="Thu, 20 Oct 2016 17:21:39 GMT">
  
    <testcase name="Step 1: page load" time="17.92" assertions="6">

    

    

    

    

    

    
    </testcase>
  
    <testcase name="Step 2: open filters panel and select invert" time="7.592" assertions="5">

    

    

    

    

    
    </testcase>
  
    <testcase name="Step 3: enter invert via setvalue function" time="6.022" assertions="4">

      <failure message="Testing if value of &lt;.ui-wrapper[title=&quot;Invert&quot;] input[type=text]&gt; contains: &quot;25&quot;.">    at Object.module.exports.Step 3: enter invert via setvalue function (/Users/kelli/Sites/nightwatch/test/filterspanel/filters.invertinput.js:39:17)
    at _combinedTickCallback (internal/process/next_tick.js:67:7)
    at process._tickCallback (internal/process/next_tick.js:98:9)</failure>

      <failure message="Testing if element &lt;.focused.component-wrapper.bc-text-wrapper&gt; has css property -webkit-filter. Element or attribute could not be located.">    at Object.module.exports.Step 3: enter invert via setvalue function (/Users/kelli/Sites/nightwatch/test/filterspanel/filters.invertinput.js:42:18)
    at _combinedTickCallback (internal/process/next_tick.js:67:7)
    at process._tickCallback (internal/process/next_tick.js:98:9)</failure>

    

    
    </testcase>
  
    <testcase name="Step 4: enter invert via keystoke" time="4.329" assertions="4">

      <failure message="Testing if value of &lt;.ui-wrapper[title=&quot;Invert&quot;] input[type=text]&gt; contains: &quot;25&quot;.">    at Object.module.exports.Step 4: enter invert via keystoke (/Users/kelli/Sites/nightwatch/test/filterspanel/filters.invertinput.js:55:17)
    at _combinedTickCallback (internal/process/next_tick.js:67:7)
    at process._tickCallback (internal/process/next_tick.js:98:9)</failure>

      <failure message="Testing if element &lt;.focused.component-wrapper.bc-text-wrapper&gt; has css property -webkit-filter. Element or attribute could not be located.">    at Object.module.exports.Step 4: enter invert via keystoke (/Users/kelli/Sites/nightwatch/test/filterspanel/filters.invertinput.js:59:18)
    at _combinedTickCallback (internal/process/next_tick.js:67:7)
    at process._tickCallback (internal/process/next_tick.js:98:9)</failure>

    

    
    </testcase>
  
    <testcase name="Step 5: enter incrementally inscrease/decrease invert via up/down arrow" time="6.251" assertions="7">

      <failure message="Testing if value of &lt;.ui-wrapper[title=&quot;Invert&quot;] input[type=text]&gt; contains: &quot;27&quot;.">    at Object.module.exports.Step 5: enter incrementally inscrease/decrease invert via up/down arrow (/Users/kelli/Sites/nightwatch/test/filterspanel/filters.invertinput.js:78:17)
    at _combinedTickCallback (internal/process/next_tick.js:67:7)
    at process._tickCallback (internal/process/next_tick.js:98:9)</failure>

      <failure message="Testing if element &lt;.focused.component-wrapper.bc-text-wrapper&gt; has css property -webkit-filter. Element or attribute could not be located.">    at Object.module.exports.Step 5: enter incrementally inscrease/decrease invert via up/down arrow (/Users/kelli/Sites/nightwatch/test/filterspanel/filters.invertinput.js:83:18)
    at _combinedTickCallback (internal/process/next_tick.js:67:7)
    at process._tickCallback (internal/process/next_tick.js:98:9)</failure>

      <failure message="Testing if value of &lt;.ui-wrapper[title=&quot;Invert&quot;] input[type=text]&gt; contains: &quot;26&quot;.">    at Object.module.exports.Step 5: enter incrementally inscrease/decrease invert via up/down arrow (/Users/kelli/Sites/nightwatch/test/filterspanel/filters.invertinput.js:87:17)
    at _combinedTickCallback (internal/process/next_tick.js:67:7)
    at process._tickCallback (internal/process/next_tick.js:98:9)</failure>

    

    

      <failure message="Testing if element &lt;.focused.component-wrapper.bc-text-wrapper&gt; has css property -webkit-filter. Element or attribute could not be located.">    at Object.module.exports.Step 5: enter incrementally inscrease/decrease invert via up/down arrow (/Users/kelli/Sites/nightwatch/test/filterspanel/filters.invertinput.js:95:18)
    at _combinedTickCallback (internal/process/next_tick.js:67:7)
    at process._tickCallback (internal/process/next_tick.js:98:9)</failure>

    
    </testcase>
  
    <testcase name="Step 6: clear filters and close panel" time="5.358" assertions="6">

    

    

      <failure message="Testing if element &lt;.focused.component-wrapper.bc-text-wrapper&gt; has css property -webkit-filter. Element or attribute could not be located.">    at Object.module.exports.Step 6: clear filters and close panel (/Users/kelli/Sites/nightwatch/test/filterspanel/filters.invertinput.js:109:21)
    at _combinedTickCallback (internal/process/next_tick.js:67:7)
    at process._tickCallback (internal/process/next_tick.js:98:9)</failure>

    

    

    
    </testcase>
  
  
  </testsuite>
</testsuites>
