<?xml version="1.0" encoding="UTF-8" ?>
<testsuites errors="4"
            failures="3"
            tests="5">

  <testsuite name="filters.blurinput"
    errors="4" failures="3" hostname="" id="" package="filters.blurinput" skipped="0"
    tests="5" time="51.25" timestamp="Thu, 20 Oct 2016 17:14:55 GMT">
  
    <testcase name="Step 1: page load" time="18.45" assertions="6">

    

    

    

    

    

    
    </testcase>
  
    <testcase name="Step 2: open filters panel and select blur" time="6.527" assertions="5">

    

    

    

    

    
    </testcase>
  
    <testcase name="Step 4: enter blur via keystoke" time="10.11" assertions="3">  <failure message="Testing if value of &lt;.ui-wrapper[title=&quot;Blur&quot;] input[type=text]&gt; contains: &quot;25&quot;.">    at Object.module.exports.Step 4: enter blur via keystoke (/Users/kelli/Sites/nightwatch/test/filterspanel/filters.blurinput.js:41:17)
    at _combinedTickCallback (internal/process/next_tick.js:67:7)
    at process._tickCallback (internal/process/next_tick.js:98:9)</failure>

      <failure message="Testing if element &lt;.focused.component-wrapper.bc-text-wrapper&gt; has css property -webkit-filter. Element or attribute could not be located.">    at Object.module.exports.Step 4: enter blur via keystoke (/Users/kelli/Sites/nightwatch/test/filterspanel/filters.blurinput.js:45:18)
    at _combinedTickCallback (internal/process/next_tick.js:67:7)
    at process._tickCallback (internal/process/next_tick.js:98:9)</failure>

    

    
    </testcase>
  
    <testcase name="Step 5: enter incrementally inscrease/decrease blur via up/down arrow" time="9.550" assertions="5">

      <failure message="Testing if value of &lt;.ui-wrapper[title=&quot;Blur&quot;] input[type=text]&gt; contains: &quot;26px&quot;.">    at Object.module.exports.Step 5: enter incrementally inscrease/decrease blur via up/down arrow (/Users/kelli/Sites/nightwatch/test/filterspanel/filters.blurinput.js:61:17)
    at _combinedTickCallback (internal/process/next_tick.js:67:7)
    at process._tickCallback (internal/process/next_tick.js:98:9)</failure>

      <failure message="Testing if element &lt;.focused.component-wrapper.bc-text-wrapper&gt; has css property -webkit-filter. Element or attribute could not be located.">    at Object.module.exports.Step 5: enter incrementally inscrease/decrease blur via up/down arrow (/Users/kelli/Sites/nightwatch/test/filterspanel/filters.blurinput.js:66:18)
    at _combinedTickCallback (internal/process/next_tick.js:67:7)
    at process._tickCallback (internal/process/next_tick.js:98:9)</failure>

      <failure message="Testing if value of &lt;.ui-wrapper[title=&quot;Blur&quot;] input[type=text]&gt; contains: &quot;25.5px&quot;.">    at Object.module.exports.Step 5: enter incrementally inscrease/decrease blur via up/down arrow (/Users/kelli/Sites/nightwatch/test/filterspanel/filters.blurinput.js:71:17)
    at _combinedTickCallback (internal/process/next_tick.js:67:7)
    at process._tickCallback (internal/process/next_tick.js:98:9)</failure>

      <failure message="Testing if element &lt;.focused.component-wrapper.bc-text-wrapper&gt; has css property -webkit-filter. Element or attribute could not be located.">    at Object.module.exports.Step 5: enter incrementally inscrease/decrease blur via up/down arrow (/Users/kelli/Sites/nightwatch/test/filterspanel/filters.blurinput.js:76:18)
    at _combinedTickCallback (internal/process/next_tick.js:67:7)
    at process._tickCallback (internal/process/next_tick.js:98:9)</failure>

    
    </testcase>
  
    <testcase name="Step 6: clear input field and close panel" time="6.617" assertions="4">

      <failure message="Testing if element &lt;.focused.component-wrapper.bc-text-wrapper&gt; has css property -webkit-filter. Element or attribute could not be located.">    at Object.module.exports.Step 6: clear input field and close panel (/Users/kelli/Sites/nightwatch/test/filterspanel/filters.blurinput.js:88:18)
    at _combinedTickCallback (internal/process/next_tick.js:67:7)
    at process._tickCallback (internal/process/next_tick.js:98:9)</failure>

    

    

    
    </testcase>
  
  
  </testsuite>
</testsuites>
