<?xml version="1.0" encoding="UTF-8" ?>
<testsuites errors="0"
            failures="1"
            tests="5">

  <testsuite name="filters.contrastinput"
    errors="0" failures="1" hostname="" id="" package="filters.contrastinput" skipped="0"
    tests="5" time="14.04" timestamp="Mon, 03 Oct 2016 21:10:50 GMT">
  
    <testcase name="Step 1: page load" time="10.07" assertions="6">

    

    

    

    

    

    
    </testcase>
  
    <testcase name="Step 2: open filters panel and select contrast" time="1.687" assertions="5">

    

    

    

    

    
    </testcase>
  
    <testcase name="Step 3: enter contrast via setvalue function" time="0.7380" assertions="4">

    

    

    

    
    </testcase>
  
    <testcase name="Step 4: enter contrast via keystoke" time="0.9340" assertions="4">

    

    

    

    
    </testcase>
  
    <testcase name="Step 5: enter incrementally inscrease/decrease contrast via up/down arrow" time="0.6050" assertions="3">

      <failure message="Testing if value of &lt;.ui-wrapper[title=&quot;Contrast&quot;] input[type=text]&gt; contains: &quot;35&quot;.">    at Object.module.exports.Step 5: enter incrementally inscrease/decrease contrast via up/down arrow (/Users/kelli/Sites/nightwatch/test/filterspanel/filters.contrastinput.js:79:17)</failure>

      <failure message="Testing if element &lt;.focused.component-wrapper.bc-text-wrapper&gt; has css property &quot;-webkit-filter: contrast(0.35)&quot;.">    at Object.module.exports.Step 5: enter incrementally inscrease/decrease contrast via up/down arrow (/Users/kelli/Sites/nightwatch/test/filterspanel/filters.contrastinput.js:84:18)</failure>

    
    </testcase>
  
  
  </testsuite>
</testsuites>
