<?xml version="1.0" encoding="UTF-8" ?>
<testsuites errors="0"
            failures="1"
            tests="5">

  <testsuite name="filters.brightnessinput"
    errors="0" failures="1" hostname="" id="" package="filters.brightnessinput" skipped="0"
    tests="5" time="12.48" timestamp="Mon, 03 Oct 2016 21:09:55 GMT">
  
    <testcase name="Step 1: page load" time="9.411" assertions="6">

    

    

    

    

    

    
    </testcase>
  
    <testcase name="Step 2: open filters panel and select brightness" time="1.265" assertions="5">

    

    

    

    

    
    </testcase>
  
    <testcase name="Step 3: enter brightness via setvalue function" time="0.7380" assertions="4">

    

    

    

    
    </testcase>
  
    <testcase name="Step 4: enter brightness via keystoke" time="0.3330" assertions="4">

    

    

    

    
    </testcase>
  
    <testcase name="Step 5: enter incrementally inscrease/decrease brightness via up/down arrow" time="0.7320" assertions="3">

      <failure message="Testing if value of &lt;.ui-wrapper[title=&quot;Brightness&quot;] input[type=text]&gt; contains: &quot;35&quot;.">    at Object.module.exports.Step 5: enter incrementally inscrease/decrease brightness via up/down arrow (/Users/kelli/Sites/nightwatch/test/filterspanel/filters.brightnessinput.js:77:17)</failure>

      <failure message="Testing if element &lt;.focused.component-wrapper.bc-text-wrapper&gt; has css property &quot;-webkit-filter: brightness(0.35)&quot;.">    at Object.module.exports.Step 5: enter incrementally inscrease/decrease brightness via up/down arrow (/Users/kelli/Sites/nightwatch/test/filterspanel/filters.brightnessinput.js:82:18)</failure>

    
    </testcase>
  
  
  </testsuite>
</testsuites>
