<?xml version="1.0" encoding="UTF-8" ?>
<testsuites errors="1"
            failures="1"
            tests="5">

  <testsuite name="filters.huerotateinput"
    errors="1" failures="1" hostname="" id="" package="filters.huerotateinput" skipped="2"
    tests="5" time="35.03" timestamp="Wed, 12 Oct 2016 21:27:01 GMT">
  
    <testcase name="Step 1: page load" time="20.77" assertions="6">

    

    

    

    

    

    
    </testcase>
  
    <testcase name="Step 2: open filters panel and select hue-rotate" time="10.02" assertions="5">

    

    

    

    

    
    </testcase>
  
    <testcase name="Step 3: enter hue-rotate via setvalue function" time="4.238" assertions="3">

      <failure message="Testing if value of &lt;.ui-wrapper[title=&quot;Hue Rotate&quot;] input[type=text]&gt; contains: &quot;25&quot;. Element could not be located.">    at Object.module.exports.Step 3: enter hue-rotate via setvalue function (/Users/kelli/Sites/nightwatch/test/filterspanel/filters.huerotateinput.js:38:17)
    at _combinedTickCallback (internal/process/next_tick.js:67:7)
    at process._tickCallback (internal/process/next_tick.js:98:9)</failure>

      <failure message="Testing if element &lt;.focused.component-wrapper.bc-text-wrapper&gt; has css property &quot;-webkit-filter: hue-rotate(25deg)&quot;.">    at Object.module.exports.Step 3: enter hue-rotate via setvalue function (/Users/kelli/Sites/nightwatch/test/filterspanel/filters.huerotateinput.js:41:18)
    at _combinedTickCallback (internal/process/next_tick.js:67:7)
    at process._tickCallback (internal/process/next_tick.js:98:9)</failure>

    
    </testcase>
  
  
    
    <testcase
      name="Step 4: enter hue-rotate via keystoke">
      <skipped />
    </testcase>
    
    <testcase
      name="Step 5: enter incrementally inscrease/decrease hue-rotate via up/down arrow">
      <skipped />
    </testcase>
    
  
  </testsuite>
</testsuites>
