<?xml version="1.0" encoding="UTF-8" ?>
<testsuites errors="0"
            failures="2"
            tests="3">

  <testsuite name="hideondesktop"
    errors="0" failures="2" hostname="" id="" package="hideondesktop" skipped="0"
    tests="3" time="23.41" timestamp="Thu, 20 Oct 2016 17:27:47 GMT">
  
    <testcase name="Step 1: page load" time="16.82" assertions="6">

    

    

    

    

    

    
    </testcase>
  
    <testcase name="Step 2: select hide on desktop" time="5.291" assertions="5">

    

    

    

      <failure message="Testing if element &lt;.ui-wrapper.auto-width.current[title=&quot;Hide On Desktop&quot;] .btn&gt; is present.">    at Object.desktopbtnCommands.hidedesktopbtn (/Users/kelli/Sites/nightwatch/pages/desktopbtn.js:5:17)
    at Object.module.exports.Step 2: select hide on desktop (/Users/kelli/Sites/nightwatch/test/showhidepanel/hideondesktop.js:29:16)</failure>

    
    </testcase>
  
    <testcase name="Step 3: verify text component is hidden on desktop" time="1.302" assertions="1">  <failure message="Testing if element &lt;.focused.bc-desktop-hidden.component-wrapper.bc-text-wrapper&gt; is present.">    at Object.module.exports.Step 3: verify text component is hidden on desktop (/Users/kelli/Sites/nightwatch/test/showhidepanel/hideondesktop.js:36:26)
    at _combinedTickCallback (internal/process/next_tick.js:67:7)
    at process._tickCallback (internal/process/next_tick.js:98:9)</failure>

    
    </testcase>
  
  
  </testsuite>
</testsuites>
