<?xml version="1.0" encoding="UTF-8" ?>
<testsuites errors="0"
            failures="1"
            tests="2">

  <testsuite name="closetab"
    errors="0" failures="1" hostname="" id="" package="closetab" skipped="0"
    tests="2" time="6.978" timestamp="Fri, 12 Aug 2016 23:49:28 GMT">
  
    <testcase name="close site tab" time="4.213" assertions="1">

    
    </testcase>
      <system-err>
        ERROR: Unable to locate element: &quot;overlay-label drag-handle&quot; using: css selector
    at command (/Users/kelli/.nvm/versions/node/v0.12.7/lib/node_modules/nightwatch/lib/api/assertions/containsText.js:46:21)
    at module.exports.BaseAssertion._scheduleAssertion (/Users/kelli/.nvm/versions/node/v0.12.7/lib/node_modules/nightwatch/lib/core/assertion.js:87:17)
    at module.exports.BaseAssertion._executeCommand (/Users/kelli/.nvm/versions/node/v0.12.7/lib/node_modules/nightwatch/lib/core/assertion.js:82:17)
    at AssertionInstance.commandFn [as _commandFn] (/Users/kelli/.nvm/versions/node/v0.12.7/lib/node_modules/nightwatch/lib/core/assertion.js:180:21)
    at AsyncTree.runCommand (/Users/kelli/.nvm/versions/node/v0.12.7/lib/node_modules/nightwatch/lib/core/queue.js:154:30)
    at AsyncTree.runChildNode (/Users/kelli/.nvm/versions/node/v0.12.7/lib/node_modules/nightwatch/lib/core/queue.js:114:8)
    at AsyncTree.walkDown (/Users/kelli/.nvm/versions/node/v0.12.7/lib/node_modules/nightwatch/lib/core/queue.js:80:10)
    at AsyncTree.walkUp (/Users/kelli/.nvm/versions/node/v0.12.7/lib/node_modules/nightwatch/lib/core/queue.js:97:8)
    at AsyncTree.walkDown (/Users/kelli/.nvm/versions/node/v0.12.7/lib/node_modules/nightwatch/lib/core/queue.js:90:12)
    at AsyncTree.traverse (/Users/kelli/.nvm/versions/node/v0.12.7/lib/node_modules/nightwatch/lib/core/queue.js:73:8)
ERROR: Unable to locate element: &quot;overlay-label drag-handle&quot; using: css selector
    at command (/Users/kelli/.nvm/versions/node/v0.12.7/lib/node_modules/nightwatch/lib/api/assertions/containsText.js:46:21)
    at module.exports.BaseAssertion._scheduleAssertion (/Users/kelli/.nvm/versions/node/v0.12.7/lib/node_modules/nightwatch/lib/core/assertion.js:87:17)
    at module.exports.BaseAssertion._executeCommand (/Users/kelli/.nvm/versions/node/v0.12.7/lib/node_modules/nightwatch/lib/core/assertion.js:82:17)
    at AssertionInstance.commandFn [as _commandFn] (/Users/kelli/.nvm/versions/node/v0.12.7/lib/node_modules/nightwatch/lib/core/assertion.js:180:21)
    at AsyncTree.runCommand (/Users/kelli/.nvm/versions/node/v0.12.7/lib/node_modules/nightwatch/lib/core/queue.js:154:30)
    at AsyncTree.runChildNode (/Users/kelli/.nvm/versions/node/v0.12.7/lib/node_modules/nightwatch/lib/core/queue.js:114:8)
    at AsyncTree.walkDown (/Users/kelli/.nvm/versions/node/v0.12.7/lib/node_modules/nightwatch/lib/core/queue.js:80:10)
    at AsyncTree.walkUp (/Users/kelli/.nvm/versions/node/v0.12.7/lib/node_modules/nightwatch/lib/core/queue.js:97:8)
    at AsyncTree.walkDown (/Users/kelli/.nvm/versions/node/v0.12.7/lib/node_modules/nightwatch/lib/core/queue.js:90:12)
    at AsyncTree.traverse (/Users/kelli/.nvm/versions/node/v0.12.7/lib/node_modules/nightwatch/lib/core/queue.js:73:8)
ERROR: Unable to locate element: &quot;overlay-label drag-handle&quot; using: css selector
    at command (/Users/kelli/.nvm/versions/node/v0.12.7/lib/node_modules/nightwatch/lib/api/assertions/containsText.js:46:21)
    at module.exports.BaseAssertion._scheduleAssertion (/Users/kelli/.nvm/versions/node/v0.12.7/lib/node_modules/nightwatch/lib/core/assertion.js:87:17)
    at module.exports.BaseAssertion._executeCommand (/Users/kelli/.nvm/versions/node/v0.12.7/lib/node_modules/nightwatch/lib/core/assertion.js:82:17)
    at AssertionInstance.commandFn [as _commandFn] (/Users/kelli/.nvm/versions/node/v0.12.7/lib/node_modules/nightwatch/lib/core/assertion.js:180:21)
    at AsyncTree.runCommand (/Users/kelli/.nvm/versions/node/v0.12.7/lib/node_modules/nightwatch/lib/core/queue.js:154:30)
    at AsyncTree.runChildNode (/Users/kelli/.nvm/versions/node/v0.12.7/lib/node_modules/nightwatch/lib/core/queue.js:114:8)
    at AsyncTree.walkDown (/Users/kelli/.nvm/versions/node/v0.12.7/lib/node_modules/nightwatch/lib/core/queue.js:80:10)
    at AsyncTree.walkUp (/Users/kelli/.nvm/versions/node/v0.12.7/lib/node_modules/nightwatch/lib/core/queue.js:97:8)
    at AsyncTree.walkDown (/Users/kelli/.nvm/versions/node/v0.12.7/lib/node_modules/nightwatch/lib/core/queue.js:90:12)
    at AsyncTree.traverse (/Users/kelli/.nvm/versions/node/v0.12.7/lib/node_modules/nightwatch/lib/core/queue.js:73:8)
ERROR: Unable to locate element: &quot;overlay-label drag-handle&quot; using: css selector
    at command (/Users/kelli/.nvm/versions/node/v0.12.7/lib/node_modules/nightwatch/lib/api/assertions/containsText.js:46:21)
    at module.exports.BaseAssertion._scheduleAssertion (/Users/kelli/.nvm/versions/node/v0.12.7/lib/node_modules/nightwatch/lib/core/assertion.js:87:17)
    at module.exports.BaseAssertion._executeCommand (/Users/kelli/.nvm/versions/node/v0.12.7/lib/node_modules/nightwatch/lib/core/assertion.js:82:17)
    at AssertionInstance.commandFn [as _commandFn] (/Users/kelli/.nvm/versions/node/v0.12.7/lib/node_modules/nightwatch/lib/core/assertion.js:180:21)
    at AsyncTree.runCommand (/Users/kelli/.nvm/versions/node/v0.12.7/lib/node_modules/nightwatch/lib/core/queue.js:154:30)
    at AsyncTree.runChildNode (/Users/kelli/.nvm/versions/node/v0.12.7/lib/node_modules/nightwatch/lib/core/queue.js:114:8)
    at AsyncTree.walkDown (/Users/kelli/.nvm/versions/node/v0.12.7/lib/node_modules/nightwatch/lib/core/queue.js:80:10)
    at AsyncTree.walkUp (/Users/kelli/.nvm/versions/node/v0.12.7/lib/node_modules/nightwatch/lib/core/queue.js:97:8)
    at AsyncTree.walkDown (/Users/kelli/.nvm/versions/node/v0.12.7/lib/node_modules/nightwatch/lib/core/queue.js:90:12)
    at AsyncTree.traverse (/Users/kelli/.nvm/versions/node/v0.12.7/lib/node_modules/nightwatch/lib/core/queue.js:73:8)
ERROR: Unable to locate element: &quot;overlay-label drag-handle&quot; using: css selector
    at command (/Users/kelli/.nvm/versions/node/v0.12.7/lib/node_modules/nightwatch/lib/api/assertions/containsText.js:46:21)
    at module.exports.BaseAssertion._scheduleAssertion (/Users/kelli/.nvm/versions/node/v0.12.7/lib/node_modules/nightwatch/lib/core/assertion.js:87:17)
    at module.exports.BaseAssertion._executeCommand (/Users/kelli/.nvm/versions/node/v0.12.7/lib/node_modules/nightwatch/lib/core/assertion.js:82:17)
    at AssertionInstance.commandFn [as _commandFn] (/Users/kelli/.nvm/versions/node/v0.12.7/lib/node_modules/nightwatch/lib/core/assertion.js:180:21)
    at AsyncTree.runCommand (/Users/kelli/.nvm/versions/node/v0.12.7/lib/node_modules/nightwatch/lib/core/queue.js:154:30)
    at AsyncTree.runChildNode (/Users/kelli/.nvm/versions/node/v0.12.7/lib/node_modules/nightwatch/lib/core/queue.js:114:8)
    at AsyncTree.walkDown (/Users/kelli/.nvm/versions/node/v0.12.7/lib/node_modules/nightwatch/lib/core/queue.js:80:10)
    at AsyncTree.walkUp (/Users/kelli/.nvm/versions/node/v0.12.7/lib/node_modules/nightwatch/lib/core/queue.js:97:8)
    at AsyncTree.walkDown (/Users/kelli/.nvm/versions/node/v0.12.7/lib/node_modules/nightwatch/lib/core/queue.js:90:12)
    at AsyncTree.traverse (/Users/kelli/.nvm/versions/node/v0.12.7/lib/node_modules/nightwatch/lib/core/queue.js:73:8)
ERROR: Unable to locate element: &quot;.ui-wrapper[title=&quot;A&quot;]&quot; using: css selector
    at Object.module.exports.open color opacity panel (/Users/kelli/Sites/nightwatch/test/demotests/selectcoloropacity.js:31:9)
    at Module.call (/Users/kelli/.nvm/versions/node/v0.12.7/lib/node_modules/nightwatch/lib/runner/module.js:62:34)
    at /Users/kelli/.nvm/versions/node/v0.12.7/lib/node_modules/nightwatch/lib/runner/testcase.js:70:29
    at _fulfilled (/Users/kelli/.nvm/versions/node/v0.12.7/lib/node_modules/nightwatch/node_modules/q/q.js:834:54)
    at self.promiseDispatch.done (/Users/kelli/.nvm/versions/node/v0.12.7/lib/node_modules/nightwatch/node_modules/q/q.js:863:30)
    at Promise.promise.promiseDispatch (/Users/kelli/.nvm/versions/node/v0.12.7/lib/node_modules/nightwatch/node_modules/q/q.js:796:13)
    at /Users/kelli/.nvm/versions/node/v0.12.7/lib/node_modules/nightwatch/node_modules/q/q.js:556:49
    at runSingle (/Users/kelli/.nvm/versions/node/v0.12.7/lib/node_modules/nightwatch/node_modules/q/q.js:137:13)
    at flush (/Users/kelli/.nvm/versions/node/v0.12.7/lib/node_modules/nightwatch/node_modules/q/q.js:125:13)
    at process._tickCallback (node.js:355:11)
ERROR: Unable to locate element: &quot;.overlay-label drag-handle&quot; using: css selector
    at command (/Users/kelli/.nvm/versions/node/v0.12.7/lib/node_modules/nightwatch/lib/api/assertions/containsText.js:46:21)
    at module.exports.BaseAssertion._scheduleAssertion (/Users/kelli/.nvm/versions/node/v0.12.7/lib/node_modules/nightwatch/lib/core/assertion.js:87:17)
    at module.exports.BaseAssertion._executeCommand (/Users/kelli/.nvm/versions/node/v0.12.7/lib/node_modules/nightwatch/lib/core/assertion.js:82:17)
    at AssertionInstance.commandFn [as _commandFn] (/Users/kelli/.nvm/versions/node/v0.12.7/lib/node_modules/nightwatch/lib/core/assertion.js:180:21)
    at AsyncTree.runCommand (/Users/kelli/.nvm/versions/node/v0.12.7/lib/node_modules/nightwatch/lib/core/queue.js:154:30)
    at AsyncTree.runChildNode (/Users/kelli/.nvm/versions/node/v0.12.7/lib/node_modules/nightwatch/lib/core/queue.js:114:8)
    at AsyncTree.walkDown (/Users/kelli/.nvm/versions/node/v0.12.7/lib/node_modules/nightwatch/lib/core/queue.js:80:10)
    at AsyncTree.walkUp (/Users/kelli/.nvm/versions/node/v0.12.7/lib/node_modules/nightwatch/lib/core/queue.js:97:8)
    at AsyncTree.walkDown (/Users/kelli/.nvm/versions/node/v0.12.7/lib/node_modules/nightwatch/lib/core/queue.js:90:12)
    at AsyncTree.traverse (/Users/kelli/.nvm/versions/node/v0.12.7/lib/node_modules/nightwatch/lib/core/queue.js:73:8)
ERROR: Unable to locate element: &quot;[id=&quot;slider1&quot;]&quot; using: css selector
    at Object.module.exports.slider test (/Users/kelli/Sites/nightwatch/test/demotests/sitemapslider.js:11:15)
    at Module.call (/Users/kelli/.nvm/versions/node/v0.12.7/lib/node_modules/nightwatch/lib/runner/module.js:62:34)
    at /Users/kelli/.nvm/versions/node/v0.12.7/lib/node_modules/nightwatch/lib/runner/testcase.js:70:29
    at _fulfilled (/Users/kelli/.nvm/versions/node/v0.12.7/lib/node_modules/nightwatch/node_modules/q/q.js:834:54)
    at self.promiseDispatch.done (/Users/kelli/.nvm/versions/node/v0.12.7/lib/node_modules/nightwatch/node_modules/q/q.js:863:30)
    at Promise.promise.promiseDispatch (/Users/kelli/.nvm/versions/node/v0.12.7/lib/node_modules/nightwatch/node_modules/q/q.js:796:13)
    at /Users/kelli/.nvm/versions/node/v0.12.7/lib/node_modules/nightwatch/node_modules/q/q.js:556:49
    at runSingle (/Users/kelli/.nvm/versions/node/v0.12.7/lib/node_modules/nightwatch/node_modules/q/q.js:137:13)
    at flush (/Users/kelli/.nvm/versions/node/v0.12.7/lib/node_modules/nightwatch/node_modules/q/q.js:125:13)
    at process._tickCallback (node.js:355:11)
ERROR: Unable to locate element: &quot;[id=&quot;slider1&quot;]&quot; using: css selector
    at Object.module.exports.slider test (/Users/kelli/Sites/nightwatch/test/demotests/sitemapslider.js:14:10)
    at Module.call (/Users/kelli/.nvm/versions/node/v0.12.7/lib/node_modules/nightwatch/lib/runner/module.js:62:34)
    at /Users/kelli/.nvm/versions/node/v0.12.7/lib/node_modules/nightwatch/lib/runner/testcase.js:70:29
    at _fulfilled (/Users/kelli/.nvm/versions/node/v0.12.7/lib/node_modules/nightwatch/node_modules/q/q.js:834:54)
    at self.promiseDispatch.done (/Users/kelli/.nvm/versions/node/v0.12.7/lib/node_modules/nightwatch/node_modules/q/q.js:863:30)
    at Promise.promise.promiseDispatch (/Users/kelli/.nvm/versions/node/v0.12.7/lib/node_modules/nightwatch/node_modules/q/q.js:796:13)
    at /Users/kelli/.nvm/versions/node/v0.12.7/lib/node_modules/nightwatch/node_modules/q/q.js:556:49
    at runSingle (/Users/kelli/.nvm/versions/node/v0.12.7/lib/node_modules/nightwatch/node_modules/q/q.js:137:13)
    at flush (/Users/kelli/.nvm/versions/node/v0.12.7/lib/node_modules/nightwatch/node_modules/q/q.js:125:13)
    at process._tickCallback (node.js:355:11)
ERROR: Unable to locate element: &quot;overlay-label drag-handle&quot; using: css selector
    at command (/Users/kelli/.nvm/versions/node/v0.12.7/lib/node_modules/nightwatch/lib/api/assertions/containsText.js:46:21)
    at module.exports.BaseAssertion._scheduleAssertion (/Users/kelli/.nvm/versions/node/v0.12.7/lib/node_modules/nightwatch/lib/core/assertion.js:87:17)
    at module.exports.BaseAssertion._executeCommand (/Users/kelli/.nvm/versions/node/v0.12.7/lib/node_modules/nightwatch/lib/core/assertion.js:82:17)
    at AssertionInstance.commandFn [as _commandFn] (/Users/kelli/.nvm/versions/node/v0.12.7/lib/node_modules/nightwatch/lib/core/assertion.js:180:21)
    at AsyncTree.runCommand (/Users/kelli/.nvm/versions/node/v0.12.7/lib/node_modules/nightwatch/lib/core/queue.js:154:30)
    at AsyncTree.runChildNode (/Users/kelli/.nvm/versions/node/v0.12.7/lib/node_modules/nightwatch/lib/core/queue.js:114:8)
    at AsyncTree.walkDown (/Users/kelli/.nvm/versions/node/v0.12.7/lib/node_modules/nightwatch/lib/core/queue.js:80:10)
    at AsyncTree.walkUp (/Users/kelli/.nvm/versions/node/v0.12.7/lib/node_modules/nightwatch/lib/core/queue.js:97:8)
    at AsyncTree.walkDown (/Users/kelli/.nvm/versions/node/v0.12.7/lib/node_modules/nightwatch/lib/core/queue.js:90:12)
    at AsyncTree.traverse (/Users/kelli/.nvm/versions/node/v0.12.7/lib/node_modules/nightwatch/lib/core/queue.js:73:8)
ERROR: Unable to locate element: &quot;div.btn[title=&quot;Stroke&quot;]&quot; using: css selector
    at Object.click (/Users/kelli/.nvm/versions/node/v0.12.7/lib/node_modules/nightwatch/lib/page-object/command-wrapper.js:103:25)
    at Object.openstrokepanelCommands.openstrokepanel (/Users/kelli/Sites/nightwatch/pages/openstrokepanel.js:4:8)
    at Object.module.exports.open stroke panel (/Users/kelli/Sites/nightwatch/test/demotests/strokepanel.js:9:14)
    at Module.call (/Users/kelli/.nvm/versions/node/v0.12.7/lib/node_modules/nightwatch/lib/runner/module.js:62:34)
    at /Users/kelli/.nvm/versions/node/v0.12.7/lib/node_modules/nightwatch/lib/runner/testcase.js:70:29
    at _fulfilled (/Users/kelli/.nvm/versions/node/v0.12.7/lib/node_modules/nightwatch/node_modules/q/q.js:834:54)
    at self.promiseDispatch.done (/Users/kelli/.nvm/versions/node/v0.12.7/lib/node_modules/nightwatch/node_modules/q/q.js:863:30)
    at Promise.promise.promiseDispatch (/Users/kelli/.nvm/versions/node/v0.12.7/lib/node_modules/nightwatch/node_modules/q/q.js:796:13)
    at /Users/kelli/.nvm/versions/node/v0.12.7/lib/node_modules/nightwatch/node_modules/q/q.js:556:49
    at runSingle (/Users/kelli/.nvm/versions/node/v0.12.7/lib/node_modules/nightwatch/node_modules/q/q.js:137:13)
ERROR: Unable to locate element: &quot;overlay-label drag-handle&quot; using: css selector
    at command (/Users/kelli/.nvm/versions/node/v0.12.7/lib/node_modules/nightwatch/lib/api/assertions/containsText.js:46:21)
    at module.exports.BaseAssertion._scheduleAssertion (/Users/kelli/.nvm/versions/node/v0.12.7/lib/node_modules/nightwatch/lib/core/assertion.js:87:17)
    at module.exports.BaseAssertion._executeCommand (/Users/kelli/.nvm/versions/node/v0.12.7/lib/node_modules/nightwatch/lib/core/assertion.js:82:17)
    at AssertionInstance.commandFn [as _commandFn] (/Users/kelli/.nvm/versions/node/v0.12.7/lib/node_modules/nightwatch/lib/core/assertion.js:180:21)
    at AsyncTree.runCommand (/Users/kelli/.nvm/versions/node/v0.12.7/lib/node_modules/nightwatch/lib/core/queue.js:154:30)
    at AsyncTree.runChildNode (/Users/kelli/.nvm/versions/node/v0.12.7/lib/node_modules/nightwatch/lib/core/queue.js:114:8)
    at AsyncTree.walkDown (/Users/kelli/.nvm/versions/node/v0.12.7/lib/node_modules/nightwatch/lib/core/queue.js:80:10)
    at AsyncTree.walkUp (/Users/kelli/.nvm/versions/node/v0.12.7/lib/node_modules/nightwatch/lib/core/queue.js:97:8)
    at AsyncTree.walkDown (/Users/kelli/.nvm/versions/node/v0.12.7/lib/node_modules/nightwatch/lib/core/queue.js:90:12)
    at AsyncTree.traverse (/Users/kelli/.nvm/versions/node/v0.12.7/lib/node_modules/nightwatch/lib/core/queue.js:73:8)
ERROR: Unable to locate element: &quot;div.panel-close-container&quot; using: css selector
    at Object.closepanelCommands.closepanel (/Users/kelli/Sites/nightwatch/pages/closepanel.js:4:16)
    at Object.module.exports.open stroke panel (/Users/kelli/Sites/nightwatch/test/demotests/strokepanel.js:12:14)
    at Module.call (/Users/kelli/.nvm/versions/node/v0.12.7/lib/node_modules/nightwatch/lib/runner/module.js:62:34)
    at /Users/kelli/.nvm/versions/node/v0.12.7/lib/node_modules/nightwatch/lib/runner/testcase.js:70:29
    at _fulfilled (/Users/kelli/.nvm/versions/node/v0.12.7/lib/node_modules/nightwatch/node_modules/q/q.js:834:54)
    at self.promiseDispatch.done (/Users/kelli/.nvm/versions/node/v0.12.7/lib/node_modules/nightwatch/node_modules/q/q.js:863:30)
    at Promise.promise.promiseDispatch (/Users/kelli/.nvm/versions/node/v0.12.7/lib/node_modules/nightwatch/node_modules/q/q.js:796:13)
    at /Users/kelli/.nvm/versions/node/v0.12.7/lib/node_modules/nightwatch/node_modules/q/q.js:556:49
    at runSingle (/Users/kelli/.nvm/versions/node/v0.12.7/lib/node_modules/nightwatch/node_modules/q/q.js:137:13)
    at flush (/Users/kelli/.nvm/versions/node/v0.12.7/lib/node_modules/nightwatch/node_modules/q/q.js:125:13)
      </system-err>
  
    <testcase name="open site map and close tab" time="2.765" assertions="2">  <failure message="Testing if element &lt;iframe&gt; is present.">    at Object.opensitemapCommands.opensitemap (/Users/kelli/Sites/nightwatch/pages/opensitemap.js:7:17)
    at Object.module.exports.open site map and close tab (/Users/kelli/Sites/nightwatch/test/demotests/closetab.js:11:12)</failure>

      <failure message="Timed out while waiting for element &lt;.tab.selected&gt; to be present for 1000 milliseconds.">    at Object.closetabCommands.closetab (/Users/kelli/Sites/nightwatch/pages/closetab.js:3:10)
    at Object.module.exports.open site map and close tab (/Users/kelli/Sites/nightwatch/test/demotests/closetab.js:17:12)</failure>

    
    </testcase>
      <system-err>
        ERROR: Unable to locate element: &quot;overlay-label drag-handle&quot; using: css selector
    at command (/Users/kelli/.nvm/versions/node/v0.12.7/lib/node_modules/nightwatch/lib/api/assertions/containsText.js:46:21)
    at module.exports.BaseAssertion._scheduleAssertion (/Users/kelli/.nvm/versions/node/v0.12.7/lib/node_modules/nightwatch/lib/core/assertion.js:87:17)
    at module.exports.BaseAssertion._executeCommand (/Users/kelli/.nvm/versions/node/v0.12.7/lib/node_modules/nightwatch/lib/core/assertion.js:82:17)
    at AssertionInstance.commandFn [as _commandFn] (/Users/kelli/.nvm/versions/node/v0.12.7/lib/node_modules/nightwatch/lib/core/assertion.js:180:21)
    at AsyncTree.runCommand (/Users/kelli/.nvm/versions/node/v0.12.7/lib/node_modules/nightwatch/lib/core/queue.js:154:30)
    at AsyncTree.runChildNode (/Users/kelli/.nvm/versions/node/v0.12.7/lib/node_modules/nightwatch/lib/core/queue.js:114:8)
    at AsyncTree.walkDown (/Users/kelli/.nvm/versions/node/v0.12.7/lib/node_modules/nightwatch/lib/core/queue.js:80:10)
    at AsyncTree.walkUp (/Users/kelli/.nvm/versions/node/v0.12.7/lib/node_modules/nightwatch/lib/core/queue.js:97:8)
    at AsyncTree.walkDown (/Users/kelli/.nvm/versions/node/v0.12.7/lib/node_modules/nightwatch/lib/core/queue.js:90:12)
    at AsyncTree.traverse (/Users/kelli/.nvm/versions/node/v0.12.7/lib/node_modules/nightwatch/lib/core/queue.js:73:8)
ERROR: Unable to locate element: &quot;overlay-label drag-handle&quot; using: css selector
    at command (/Users/kelli/.nvm/versions/node/v0.12.7/lib/node_modules/nightwatch/lib/api/assertions/containsText.js:46:21)
    at module.exports.BaseAssertion._scheduleAssertion (/Users/kelli/.nvm/versions/node/v0.12.7/lib/node_modules/nightwatch/lib/core/assertion.js:87:17)
    at module.exports.BaseAssertion._executeCommand (/Users/kelli/.nvm/versions/node/v0.12.7/lib/node_modules/nightwatch/lib/core/assertion.js:82:17)
    at AssertionInstance.commandFn [as _commandFn] (/Users/kelli/.nvm/versions/node/v0.12.7/lib/node_modules/nightwatch/lib/core/assertion.js:180:21)
    at AsyncTree.runCommand (/Users/kelli/.nvm/versions/node/v0.12.7/lib/node_modules/nightwatch/lib/core/queue.js:154:30)
    at AsyncTree.runChildNode (/Users/kelli/.nvm/versions/node/v0.12.7/lib/node_modules/nightwatch/lib/core/queue.js:114:8)
    at AsyncTree.walkDown (/Users/kelli/.nvm/versions/node/v0.12.7/lib/node_modules/nightwatch/lib/core/queue.js:80:10)
    at AsyncTree.walkUp (/Users/kelli/.nvm/versions/node/v0.12.7/lib/node_modules/nightwatch/lib/core/queue.js:97:8)
    at AsyncTree.walkDown (/Users/kelli/.nvm/versions/node/v0.12.7/lib/node_modules/nightwatch/lib/core/queue.js:90:12)
    at AsyncTree.traverse (/Users/kelli/.nvm/versions/node/v0.12.7/lib/node_modules/nightwatch/lib/core/queue.js:73:8)
ERROR: Unable to locate element: &quot;overlay-label drag-handle&quot; using: css selector
    at command (/Users/kelli/.nvm/versions/node/v0.12.7/lib/node_modules/nightwatch/lib/api/assertions/containsText.js:46:21)
    at module.exports.BaseAssertion._scheduleAssertion (/Users/kelli/.nvm/versions/node/v0.12.7/lib/node_modules/nightwatch/lib/core/assertion.js:87:17)
    at module.exports.BaseAssertion._executeCommand (/Users/kelli/.nvm/versions/node/v0.12.7/lib/node_modules/nightwatch/lib/core/assertion.js:82:17)
    at AssertionInstance.commandFn [as _commandFn] (/Users/kelli/.nvm/versions/node/v0.12.7/lib/node_modules/nightwatch/lib/core/assertion.js:180:21)
    at AsyncTree.runCommand (/Users/kelli/.nvm/versions/node/v0.12.7/lib/node_modules/nightwatch/lib/core/queue.js:154:30)
    at AsyncTree.runChildNode (/Users/kelli/.nvm/versions/node/v0.12.7/lib/node_modules/nightwatch/lib/core/queue.js:114:8)
    at AsyncTree.walkDown (/Users/kelli/.nvm/versions/node/v0.12.7/lib/node_modules/nightwatch/lib/core/queue.js:80:10)
    at AsyncTree.walkUp (/Users/kelli/.nvm/versions/node/v0.12.7/lib/node_modules/nightwatch/lib/core/queue.js:97:8)
    at AsyncTree.walkDown (/Users/kelli/.nvm/versions/node/v0.12.7/lib/node_modules/nightwatch/lib/core/queue.js:90:12)
    at AsyncTree.traverse (/Users/kelli/.nvm/versions/node/v0.12.7/lib/node_modules/nightwatch/lib/core/queue.js:73:8)
ERROR: Unable to locate element: &quot;overlay-label drag-handle&quot; using: css selector
    at command (/Users/kelli/.nvm/versions/node/v0.12.7/lib/node_modules/nightwatch/lib/api/assertions/containsText.js:46:21)
    at module.exports.BaseAssertion._scheduleAssertion (/Users/kelli/.nvm/versions/node/v0.12.7/lib/node_modules/nightwatch/lib/core/assertion.js:87:17)
    at module.exports.BaseAssertion._executeCommand (/Users/kelli/.nvm/versions/node/v0.12.7/lib/node_modules/nightwatch/lib/core/assertion.js:82:17)
    at AssertionInstance.commandFn [as _commandFn] (/Users/kelli/.nvm/versions/node/v0.12.7/lib/node_modules/nightwatch/lib/core/assertion.js:180:21)
    at AsyncTree.runCommand (/Users/kelli/.nvm/versions/node/v0.12.7/lib/node_modules/nightwatch/lib/core/queue.js:154:30)
    at AsyncTree.runChildNode (/Users/kelli/.nvm/versions/node/v0.12.7/lib/node_modules/nightwatch/lib/core/queue.js:114:8)
    at AsyncTree.walkDown (/Users/kelli/.nvm/versions/node/v0.12.7/lib/node_modules/nightwatch/lib/core/queue.js:80:10)
    at AsyncTree.walkUp (/Users/kelli/.nvm/versions/node/v0.12.7/lib/node_modules/nightwatch/lib/core/queue.js:97:8)
    at AsyncTree.walkDown (/Users/kelli/.nvm/versions/node/v0.12.7/lib/node_modules/nightwatch/lib/core/queue.js:90:12)
    at AsyncTree.traverse (/Users/kelli/.nvm/versions/node/v0.12.7/lib/node_modules/nightwatch/lib/core/queue.js:73:8)
ERROR: Unable to locate element: &quot;overlay-label drag-handle&quot; using: css selector
    at command (/Users/kelli/.nvm/versions/node/v0.12.7/lib/node_modules/nightwatch/lib/api/assertions/containsText.js:46:21)
    at module.exports.BaseAssertion._scheduleAssertion (/Users/kelli/.nvm/versions/node/v0.12.7/lib/node_modules/nightwatch/lib/core/assertion.js:87:17)
    at module.exports.BaseAssertion._executeCommand (/Users/kelli/.nvm/versions/node/v0.12.7/lib/node_modules/nightwatch/lib/core/assertion.js:82:17)
    at AssertionInstance.commandFn [as _commandFn] (/Users/kelli/.nvm/versions/node/v0.12.7/lib/node_modules/nightwatch/lib/core/assertion.js:180:21)
    at AsyncTree.runCommand (/Users/kelli/.nvm/versions/node/v0.12.7/lib/node_modules/nightwatch/lib/core/queue.js:154:30)
    at AsyncTree.runChildNode (/Users/kelli/.nvm/versions/node/v0.12.7/lib/node_modules/nightwatch/lib/core/queue.js:114:8)
    at AsyncTree.walkDown (/Users/kelli/.nvm/versions/node/v0.12.7/lib/node_modules/nightwatch/lib/core/queue.js:80:10)
    at AsyncTree.walkUp (/Users/kelli/.nvm/versions/node/v0.12.7/lib/node_modules/nightwatch/lib/core/queue.js:97:8)
    at AsyncTree.walkDown (/Users/kelli/.nvm/versions/node/v0.12.7/lib/node_modules/nightwatch/lib/core/queue.js:90:12)
    at AsyncTree.traverse (/Users/kelli/.nvm/versions/node/v0.12.7/lib/node_modules/nightwatch/lib/core/queue.js:73:8)
ERROR: Unable to locate element: &quot;.ui-wrapper[title=&quot;A&quot;]&quot; using: css selector
    at Object.module.exports.open color opacity panel (/Users/kelli/Sites/nightwatch/test/demotests/selectcoloropacity.js:31:9)
    at Module.call (/Users/kelli/.nvm/versions/node/v0.12.7/lib/node_modules/nightwatch/lib/runner/module.js:62:34)
    at /Users/kelli/.nvm/versions/node/v0.12.7/lib/node_modules/nightwatch/lib/runner/testcase.js:70:29
    at _fulfilled (/Users/kelli/.nvm/versions/node/v0.12.7/lib/node_modules/nightwatch/node_modules/q/q.js:834:54)
    at self.promiseDispatch.done (/Users/kelli/.nvm/versions/node/v0.12.7/lib/node_modules/nightwatch/node_modules/q/q.js:863:30)
    at Promise.promise.promiseDispatch (/Users/kelli/.nvm/versions/node/v0.12.7/lib/node_modules/nightwatch/node_modules/q/q.js:796:13)
    at /Users/kelli/.nvm/versions/node/v0.12.7/lib/node_modules/nightwatch/node_modules/q/q.js:556:49
    at runSingle (/Users/kelli/.nvm/versions/node/v0.12.7/lib/node_modules/nightwatch/node_modules/q/q.js:137:13)
    at flush (/Users/kelli/.nvm/versions/node/v0.12.7/lib/node_modules/nightwatch/node_modules/q/q.js:125:13)
    at process._tickCallback (node.js:355:11)
ERROR: Unable to locate element: &quot;.overlay-label drag-handle&quot; using: css selector
    at command (/Users/kelli/.nvm/versions/node/v0.12.7/lib/node_modules/nightwatch/lib/api/assertions/containsText.js:46:21)
    at module.exports.BaseAssertion._scheduleAssertion (/Users/kelli/.nvm/versions/node/v0.12.7/lib/node_modules/nightwatch/lib/core/assertion.js:87:17)
    at module.exports.BaseAssertion._executeCommand (/Users/kelli/.nvm/versions/node/v0.12.7/lib/node_modules/nightwatch/lib/core/assertion.js:82:17)
    at AssertionInstance.commandFn [as _commandFn] (/Users/kelli/.nvm/versions/node/v0.12.7/lib/node_modules/nightwatch/lib/core/assertion.js:180:21)
    at AsyncTree.runCommand (/Users/kelli/.nvm/versions/node/v0.12.7/lib/node_modules/nightwatch/lib/core/queue.js:154:30)
    at AsyncTree.runChildNode (/Users/kelli/.nvm/versions/node/v0.12.7/lib/node_modules/nightwatch/lib/core/queue.js:114:8)
    at AsyncTree.walkDown (/Users/kelli/.nvm/versions/node/v0.12.7/lib/node_modules/nightwatch/lib/core/queue.js:80:10)
    at AsyncTree.walkUp (/Users/kelli/.nvm/versions/node/v0.12.7/lib/node_modules/nightwatch/lib/core/queue.js:97:8)
    at AsyncTree.walkDown (/Users/kelli/.nvm/versions/node/v0.12.7/lib/node_modules/nightwatch/lib/core/queue.js:90:12)
    at AsyncTree.traverse (/Users/kelli/.nvm/versions/node/v0.12.7/lib/node_modules/nightwatch/lib/core/queue.js:73:8)
ERROR: Unable to locate element: &quot;[id=&quot;slider1&quot;]&quot; using: css selector
    at Object.module.exports.slider test (/Users/kelli/Sites/nightwatch/test/demotests/sitemapslider.js:11:15)
    at Module.call (/Users/kelli/.nvm/versions/node/v0.12.7/lib/node_modules/nightwatch/lib/runner/module.js:62:34)
    at /Users/kelli/.nvm/versions/node/v0.12.7/lib/node_modules/nightwatch/lib/runner/testcase.js:70:29
    at _fulfilled (/Users/kelli/.nvm/versions/node/v0.12.7/lib/node_modules/nightwatch/node_modules/q/q.js:834:54)
    at self.promiseDispatch.done (/Users/kelli/.nvm/versions/node/v0.12.7/lib/node_modules/nightwatch/node_modules/q/q.js:863:30)
    at Promise.promise.promiseDispatch (/Users/kelli/.nvm/versions/node/v0.12.7/lib/node_modules/nightwatch/node_modules/q/q.js:796:13)
    at /Users/kelli/.nvm/versions/node/v0.12.7/lib/node_modules/nightwatch/node_modules/q/q.js:556:49
    at runSingle (/Users/kelli/.nvm/versions/node/v0.12.7/lib/node_modules/nightwatch/node_modules/q/q.js:137:13)
    at flush (/Users/kelli/.nvm/versions/node/v0.12.7/lib/node_modules/nightwatch/node_modules/q/q.js:125:13)
    at process._tickCallback (node.js:355:11)
ERROR: Unable to locate element: &quot;[id=&quot;slider1&quot;]&quot; using: css selector
    at Object.module.exports.slider test (/Users/kelli/Sites/nightwatch/test/demotests/sitemapslider.js:14:10)
    at Module.call (/Users/kelli/.nvm/versions/node/v0.12.7/lib/node_modules/nightwatch/lib/runner/module.js:62:34)
    at /Users/kelli/.nvm/versions/node/v0.12.7/lib/node_modules/nightwatch/lib/runner/testcase.js:70:29
    at _fulfilled (/Users/kelli/.nvm/versions/node/v0.12.7/lib/node_modules/nightwatch/node_modules/q/q.js:834:54)
    at self.promiseDispatch.done (/Users/kelli/.nvm/versions/node/v0.12.7/lib/node_modules/nightwatch/node_modules/q/q.js:863:30)
    at Promise.promise.promiseDispatch (/Users/kelli/.nvm/versions/node/v0.12.7/lib/node_modules/nightwatch/node_modules/q/q.js:796:13)
    at /Users/kelli/.nvm/versions/node/v0.12.7/lib/node_modules/nightwatch/node_modules/q/q.js:556:49
    at runSingle (/Users/kelli/.nvm/versions/node/v0.12.7/lib/node_modules/nightwatch/node_modules/q/q.js:137:13)
    at flush (/Users/kelli/.nvm/versions/node/v0.12.7/lib/node_modules/nightwatch/node_modules/q/q.js:125:13)
    at process._tickCallback (node.js:355:11)
ERROR: Unable to locate element: &quot;overlay-label drag-handle&quot; using: css selector
    at command (/Users/kelli/.nvm/versions/node/v0.12.7/lib/node_modules/nightwatch/lib/api/assertions/containsText.js:46:21)
    at module.exports.BaseAssertion._scheduleAssertion (/Users/kelli/.nvm/versions/node/v0.12.7/lib/node_modules/nightwatch/lib/core/assertion.js:87:17)
    at module.exports.BaseAssertion._executeCommand (/Users/kelli/.nvm/versions/node/v0.12.7/lib/node_modules/nightwatch/lib/core/assertion.js:82:17)
    at AssertionInstance.commandFn [as _commandFn] (/Users/kelli/.nvm/versions/node/v0.12.7/lib/node_modules/nightwatch/lib/core/assertion.js:180:21)
    at AsyncTree.runCommand (/Users/kelli/.nvm/versions/node/v0.12.7/lib/node_modules/nightwatch/lib/core/queue.js:154:30)
    at AsyncTree.runChildNode (/Users/kelli/.nvm/versions/node/v0.12.7/lib/node_modules/nightwatch/lib/core/queue.js:114:8)
    at AsyncTree.walkDown (/Users/kelli/.nvm/versions/node/v0.12.7/lib/node_modules/nightwatch/lib/core/queue.js:80:10)
    at AsyncTree.walkUp (/Users/kelli/.nvm/versions/node/v0.12.7/lib/node_modules/nightwatch/lib/core/queue.js:97:8)
    at AsyncTree.walkDown (/Users/kelli/.nvm/versions/node/v0.12.7/lib/node_modules/nightwatch/lib/core/queue.js:90:12)
    at AsyncTree.traverse (/Users/kelli/.nvm/versions/node/v0.12.7/lib/node_modules/nightwatch/lib/core/queue.js:73:8)
ERROR: Unable to locate element: &quot;div.btn[title=&quot;Stroke&quot;]&quot; using: css selector
    at Object.click (/Users/kelli/.nvm/versions/node/v0.12.7/lib/node_modules/nightwatch/lib/page-object/command-wrapper.js:103:25)
    at Object.openstrokepanelCommands.openstrokepanel (/Users/kelli/Sites/nightwatch/pages/openstrokepanel.js:4:8)
    at Object.module.exports.open stroke panel (/Users/kelli/Sites/nightwatch/test/demotests/strokepanel.js:9:14)
    at Module.call (/Users/kelli/.nvm/versions/node/v0.12.7/lib/node_modules/nightwatch/lib/runner/module.js:62:34)
    at /Users/kelli/.nvm/versions/node/v0.12.7/lib/node_modules/nightwatch/lib/runner/testcase.js:70:29
    at _fulfilled (/Users/kelli/.nvm/versions/node/v0.12.7/lib/node_modules/nightwatch/node_modules/q/q.js:834:54)
    at self.promiseDispatch.done (/Users/kelli/.nvm/versions/node/v0.12.7/lib/node_modules/nightwatch/node_modules/q/q.js:863:30)
    at Promise.promise.promiseDispatch (/Users/kelli/.nvm/versions/node/v0.12.7/lib/node_modules/nightwatch/node_modules/q/q.js:796:13)
    at /Users/kelli/.nvm/versions/node/v0.12.7/lib/node_modules/nightwatch/node_modules/q/q.js:556:49
    at runSingle (/Users/kelli/.nvm/versions/node/v0.12.7/lib/node_modules/nightwatch/node_modules/q/q.js:137:13)
ERROR: Unable to locate element: &quot;overlay-label drag-handle&quot; using: css selector
    at command (/Users/kelli/.nvm/versions/node/v0.12.7/lib/node_modules/nightwatch/lib/api/assertions/containsText.js:46:21)
    at module.exports.BaseAssertion._scheduleAssertion (/Users/kelli/.nvm/versions/node/v0.12.7/lib/node_modules/nightwatch/lib/core/assertion.js:87:17)
    at module.exports.BaseAssertion._executeCommand (/Users/kelli/.nvm/versions/node/v0.12.7/lib/node_modules/nightwatch/lib/core/assertion.js:82:17)
    at AssertionInstance.commandFn [as _commandFn] (/Users/kelli/.nvm/versions/node/v0.12.7/lib/node_modules/nightwatch/lib/core/assertion.js:180:21)
    at AsyncTree.runCommand (/Users/kelli/.nvm/versions/node/v0.12.7/lib/node_modules/nightwatch/lib/core/queue.js:154:30)
    at AsyncTree.runChildNode (/Users/kelli/.nvm/versions/node/v0.12.7/lib/node_modules/nightwatch/lib/core/queue.js:114:8)
    at AsyncTree.walkDown (/Users/kelli/.nvm/versions/node/v0.12.7/lib/node_modules/nightwatch/lib/core/queue.js:80:10)
    at AsyncTree.walkUp (/Users/kelli/.nvm/versions/node/v0.12.7/lib/node_modules/nightwatch/lib/core/queue.js:97:8)
    at AsyncTree.walkDown (/Users/kelli/.nvm/versions/node/v0.12.7/lib/node_modules/nightwatch/lib/core/queue.js:90:12)
    at AsyncTree.traverse (/Users/kelli/.nvm/versions/node/v0.12.7/lib/node_modules/nightwatch/lib/core/queue.js:73:8)
ERROR: Unable to locate element: &quot;div.panel-close-container&quot; using: css selector
    at Object.closepanelCommands.closepanel (/Users/kelli/Sites/nightwatch/pages/closepanel.js:4:16)
    at Object.module.exports.open stroke panel (/Users/kelli/Sites/nightwatch/test/demotests/strokepanel.js:12:14)
    at Module.call (/Users/kelli/.nvm/versions/node/v0.12.7/lib/node_modules/nightwatch/lib/runner/module.js:62:34)
    at /Users/kelli/.nvm/versions/node/v0.12.7/lib/node_modules/nightwatch/lib/runner/testcase.js:70:29
    at _fulfilled (/Users/kelli/.nvm/versions/node/v0.12.7/lib/node_modules/nightwatch/node_modules/q/q.js:834:54)
    at self.promiseDispatch.done (/Users/kelli/.nvm/versions/node/v0.12.7/lib/node_modules/nightwatch/node_modules/q/q.js:863:30)
    at Promise.promise.promiseDispatch (/Users/kelli/.nvm/versions/node/v0.12.7/lib/node_modules/nightwatch/node_modules/q/q.js:796:13)
    at /Users/kelli/.nvm/versions/node/v0.12.7/lib/node_modules/nightwatch/node_modules/q/q.js:556:49
    at runSingle (/Users/kelli/.nvm/versions/node/v0.12.7/lib/node_modules/nightwatch/node_modules/q/q.js:137:13)
    at flush (/Users/kelli/.nvm/versions/node/v0.12.7/lib/node_modules/nightwatch/node_modules/q/q.js:125:13)
      </system-err>
  
  
  </testsuite>
</testsuites>
